{
"contracts\\interface\\ERC20Interface.sol":{"l":{},"path":"D:\\1web3\\Web3-Pledge\\pledgev2\\contracts\\interface\\ERC20Interface.sol","s":{},"b":{},"f":{},"fnMap":{},"statementMap":{},"branchMap":{}},
"contracts\\interface\\IBscPledgeOracle.sol":{"l":{},"path":"D:\\1web3\\Web3-Pledge\\pledgev2\\contracts\\interface\\IBscPledgeOracle.sol","s":{},"b":{},"f":{},"fnMap":{},"statementMap":{},"branchMap":{}},
"contracts\\interface\\IDebtToken.sol":{"l":{},"path":"D:\\1web3\\Web3-Pledge\\pledgev2\\contracts\\interface\\IDebtToken.sol","s":{},"b":{},"f":{},"fnMap":{},"statementMap":{},"branchMap":{}},
"contracts\\interface\\IERC20.sol":{"l":{},"path":"D:\\1web3\\Web3-Pledge\\pledgev2\\contracts\\interface\\IERC20.sol","s":{},"b":{},"f":{},"fnMap":{},"statementMap":{},"branchMap":{}},
"contracts\\interface\\IUniswapV2Router02.sol":{"l":{},"path":"D:\\1web3\\Web3-Pledge\\pledgev2\\contracts\\interface\\IUniswapV2Router02.sol","s":{},"b":{},"f":{},"fnMap":{},"statementMap":{},"branchMap":{}},
"contracts\\library\\Address.sol":{"l":{"31":10,"33":10,"34":10,"54":0,"57":0,"58":0,"80":0,"90":10,"105":0,"115":10,"116":10,"119":10,"120":10,"130":0,"140":0,"143":0,"144":0,"154":0,"164":0,"167":0,"168":0,"172":10,"173":10,"176":0,"180":0,"185":0},"path":"D:\\1web3\\Web3-Pledge\\pledgev2\\contracts\\library\\Address.sol","s":{"1":10,"2":10,"3":0,"4":0,"5":0,"6":0,"7":10,"8":0,"9":10,"10":10,"11":10,"12":10,"13":0,"14":0,"15":0,"16":0,"17":0,"18":0,"19":0,"20":0,"21":10,"22":10,"23":0,"24":0},"b":{"1":[0,0],"2":[0,0],"3":[10,0],"4":[10,0],"5":[0,0],"6":[0,0],"7":[10,0],"8":[0,0]},"f":{"1":10,"2":0,"3":0,"4":10,"5":0,"6":10,"7":0,"8":0,"9":0,"10":0,"11":10},"fnMap":{"1":{"name":"isContract","line":26,"loc":{"start":{"line":26,"column":4},"end":{"line":35,"column":4}}},"2":{"name":"sendValue","line":53,"loc":{"start":{"line":53,"column":4},"end":{"line":59,"column":4}}},"3":{"name":"functionCall","line":79,"loc":{"start":{"line":79,"column":4},"end":{"line":81,"column":4}}},"4":{"name":"functionCall","line":89,"loc":{"start":{"line":89,"column":4},"end":{"line":91,"column":4}}},"5":{"name":"functionCallWithValue","line":104,"loc":{"start":{"line":104,"column":4},"end":{"line":106,"column":4}}},"6":{"name":"functionCallWithValue","line":114,"loc":{"start":{"line":114,"column":4},"end":{"line":121,"column":4}}},"7":{"name":"functionStaticCall","line":129,"loc":{"start":{"line":129,"column":4},"end":{"line":131,"column":4}}},"8":{"name":"functionStaticCall","line":139,"loc":{"start":{"line":139,"column":4},"end":{"line":145,"column":4}}},"9":{"name":"functionDelegateCall","line":153,"loc":{"start":{"line":153,"column":4},"end":{"line":155,"column":4}}},"10":{"name":"functionDelegateCall","line":163,"loc":{"start":{"line":163,"column":4},"end":{"line":169,"column":4}}},"11":{"name":"_verifyCallResult","line":171,"loc":{"start":{"line":171,"column":4},"end":{"line":188,"column":4}}}},"statementMap":{"1":{"start":{"line":31,"column":8},"end":{"line":31,"column":20}},"2":{"start":{"line":34,"column":8},"end":{"line":34,"column":23}},"3":{"start":{"line":54,"column":8},"end":{"line":54,"column":80}},"4":{"start":{"line":57,"column":8},"end":{"line":57,"column":59}},"5":{"start":{"line":58,"column":8},"end":{"line":58,"column":85}},"6":{"start":{"line":80,"column":6},"end":{"line":80,"column":73}},"7":{"start":{"line":90,"column":8},"end":{"line":90,"column":67}},"8":{"start":{"line":105,"column":8},"end":{"line":105,"column":102}},"9":{"start":{"line":115,"column":8},"end":{"line":115,"column":88}},"10":{"start":{"line":116,"column":8},"end":{"line":116,"column":67}},"11":{"start":{"line":119,"column":8},"end":{"line":119,"column":80}},"12":{"start":{"line":120,"column":8},"end":{"line":120,"column":67}},"13":{"start":{"line":130,"column":8},"end":{"line":130,"column":88}},"14":{"start":{"line":140,"column":8},"end":{"line":140,"column":74}},"15":{"start":{"line":143,"column":8},"end":{"line":143,"column":73}},"16":{"start":{"line":144,"column":8},"end":{"line":144,"column":67}},"17":{"start":{"line":154,"column":8},"end":{"line":154,"column":92}},"18":{"start":{"line":164,"column":8},"end":{"line":164,"column":76}},"19":{"start":{"line":167,"column":8},"end":{"line":167,"column":75}},"20":{"start":{"line":168,"column":8},"end":{"line":168,"column":67}},"21":{"start":{"line":172,"column":8},"end":{"line":172,"column":7396}},"22":{"start":{"line":173,"column":12},"end":{"line":173,"column":29}},"23":{"start":{"line":176,"column":12},"end":{"line":176,"column":7545}},"24":{"start":{"line":185,"column":16},"end":{"line":185,"column":35}}},"branchMap":{"1":{"line":54,"type":"if","locations":[{"start":{"line":54,"column":8},"end":{"line":54,"column":8}},{"start":{"line":54,"column":8},"end":{"line":54,"column":8}}]},"2":{"line":58,"type":"if","locations":[{"start":{"line":58,"column":8},"end":{"line":58,"column":8}},{"start":{"line":58,"column":8},"end":{"line":58,"column":8}}]},"3":{"line":115,"type":"if","locations":[{"start":{"line":115,"column":8},"end":{"line":115,"column":8}},{"start":{"line":115,"column":8},"end":{"line":115,"column":8}}]},"4":{"line":116,"type":"if","locations":[{"start":{"line":116,"column":8},"end":{"line":116,"column":8}},{"start":{"line":116,"column":8},"end":{"line":116,"column":8}}]},"5":{"line":140,"type":"if","locations":[{"start":{"line":140,"column":8},"end":{"line":140,"column":8}},{"start":{"line":140,"column":8},"end":{"line":140,"column":8}}]},"6":{"line":164,"type":"if","locations":[{"start":{"line":164,"column":8},"end":{"line":164,"column":8}},{"start":{"line":164,"column":8},"end":{"line":164,"column":8}}]},"7":{"line":172,"type":"if","locations":[{"start":{"line":172,"column":8},"end":{"line":172,"column":8}},{"start":{"line":172,"column":8},"end":{"line":172,"column":8}}]},"8":{"line":176,"type":"if","locations":[{"start":{"line":176,"column":12},"end":{"line":176,"column":12}},{"start":{"line":176,"column":12},"end":{"line":176,"column":12}}]}}},
"contracts\\library\\SafeErc20.sol":{"l":{"25":0,"29":10,"44":0,"47":0,"51":0,"52":0,"56":0,"57":0,"71":10,"72":10,"74":10},"path":"D:\\1web3\\Web3-Pledge\\pledgev2\\contracts\\library\\SafeErc20.sol","s":{"1":0,"2":10,"3":0,"4":0,"5":0,"6":0,"7":0,"8":0,"9":10,"10":10,"11":10},"b":{"1":[0,0],"2":[0,0],"3":[10,0],"4":[10,0]},"f":{"1":0,"2":10,"3":0,"4":0,"5":0,"6":10},"fnMap":{"1":{"name":"safeTransfer","line":24,"loc":{"start":{"line":24,"column":4},"end":{"line":26,"column":4}}},"2":{"name":"safeTransferFrom","line":28,"loc":{"start":{"line":28,"column":4},"end":{"line":30,"column":4}}},"3":{"name":"safeApprove","line":39,"loc":{"start":{"line":39,"column":4},"end":{"line":48,"column":4}}},"4":{"name":"safeIncreaseAllowance","line":50,"loc":{"start":{"line":50,"column":4},"end":{"line":53,"column":4}}},"5":{"name":"safeDecreaseAllowance","line":55,"loc":{"start":{"line":55,"column":4},"end":{"line":58,"column":4}}},"6":{"name":"_callOptionalReturn","line":66,"loc":{"start":{"line":66,"column":4},"end":{"line":76,"column":4}}}},"statementMap":{"1":{"start":{"line":25,"column":8},"end":{"line":25,"column":93}},"2":{"start":{"line":29,"column":8},"end":{"line":29,"column":103}},"3":{"start":{"line":44,"column":8},"end":{"line":44,"column":1742}},"4":{"start":{"line":47,"column":8},"end":{"line":47,"column":97}},"5":{"start":{"line":51,"column":8},"end":{"line":51,"column":81}},"6":{"start":{"line":52,"column":8},"end":{"line":52,"column":104}},"7":{"start":{"line":56,"column":8},"end":{"line":56,"column":81}},"8":{"start":{"line":57,"column":8},"end":{"line":57,"column":104}},"9":{"start":{"line":71,"column":8},"end":{"line":71,"column":103}},"10":{"start":{"line":72,"column":8},"end":{"line":72,"column":3512}},"11":{"start":{"line":74,"column":12},"end":{"line":74,"column":96}}},"branchMap":{"1":{"line":44,"type":"if","locations":[{"start":{"line":44,"column":8},"end":{"line":44,"column":8}},{"start":{"line":44,"column":8},"end":{"line":44,"column":8}}]},"2":{"line":44,"type":"cond-expr","locations":[{"start":{"line":44,"column":16},"end":{"line":44,"column":27}},{"start":{"line":44,"column":32},"end":{"line":44,"column":77}}]},"3":{"line":72,"type":"if","locations":[{"start":{"line":72,"column":8},"end":{"line":72,"column":8}},{"start":{"line":72,"column":8},"end":{"line":72,"column":8}}]},"4":{"line":74,"type":"if","locations":[{"start":{"line":74,"column":12},"end":{"line":74,"column":12}},{"start":{"line":74,"column":12},"end":{"line":74,"column":12}}]}}},
"contracts\\library\\SafeMath.sol":{"l":{"29":18,"30":18,"32":18,"45":10,"60":10,"61":10,"63":10,"79":0,"80":0,"83":0,"84":0,"86":0,"101":0,"119":0,"120":0,"123":0,"138":0,"155":0,"156":0},"path":"D:\\1web3\\Web3-Pledge\\pledgev2\\contracts\\library\\SafeMath.sol","s":{"1":18,"2":18,"3":18,"4":10,"5":10,"6":10,"7":10,"8":0,"9":0,"10":0,"11":0,"12":0,"13":0,"14":0,"15":0,"16":0,"17":0,"18":0,"19":0},"b":{"1":[18,0],"2":[10,0],"3":[0,0],"4":[0,0],"5":[0,0],"6":[0,0]},"f":{"1":18,"2":10,"3":10,"4":0,"5":0,"6":0,"7":0,"8":0},"fnMap":{"1":{"name":"add","line":28,"loc":{"start":{"line":28,"column":4},"end":{"line":33,"column":4}}},"2":{"name":"sub","line":44,"loc":{"start":{"line":44,"column":4},"end":{"line":46,"column":4}}},"3":{"name":"sub","line":59,"loc":{"start":{"line":59,"column":4},"end":{"line":64,"column":4}}},"4":{"name":"mul","line":75,"loc":{"start":{"line":75,"column":4},"end":{"line":87,"column":4}}},"5":{"name":"div","line":100,"loc":{"start":{"line":100,"column":4},"end":{"line":102,"column":4}}},"6":{"name":"div","line":117,"loc":{"start":{"line":117,"column":4},"end":{"line":124,"column":4}}},"7":{"name":"mod","line":137,"loc":{"start":{"line":137,"column":4},"end":{"line":139,"column":4}}},"8":{"name":"mod","line":154,"loc":{"start":{"line":154,"column":4},"end":{"line":157,"column":4}}}},"statementMap":{"1":{"start":{"line":29,"column":8},"end":{"line":29,"column":25}},"2":{"start":{"line":30,"column":8},"end":{"line":30,"column":53}},"3":{"start":{"line":32,"column":8},"end":{"line":32,"column":16}},"4":{"start":{"line":45,"column":8},"end":{"line":45,"column":58}},"5":{"start":{"line":60,"column":8},"end":{"line":60,"column":36}},"6":{"start":{"line":61,"column":8},"end":{"line":61,"column":25}},"7":{"start":{"line":63,"column":8},"end":{"line":63,"column":16}},"8":{"start":{"line":79,"column":8},"end":{"line":79,"column":2574}},"9":{"start":{"line":80,"column":12},"end":{"line":80,"column":20}},"10":{"start":{"line":83,"column":8},"end":{"line":83,"column":25}},"11":{"start":{"line":84,"column":8},"end":{"line":84,"column":63}},"12":{"start":{"line":86,"column":8},"end":{"line":86,"column":16}},"13":{"start":{"line":101,"column":8},"end":{"line":101,"column":54}},"14":{"start":{"line":119,"column":8},"end":{"line":119,"column":35}},"15":{"start":{"line":120,"column":8},"end":{"line":120,"column":25}},"16":{"start":{"line":123,"column":8},"end":{"line":123,"column":16}},"17":{"start":{"line":138,"column":8},"end":{"line":138,"column":52}},"18":{"start":{"line":155,"column":8},"end":{"line":155,"column":36}},"19":{"start":{"line":156,"column":8},"end":{"line":156,"column":20}}},"branchMap":{"1":{"line":30,"type":"if","locations":[{"start":{"line":30,"column":8},"end":{"line":30,"column":8}},{"start":{"line":30,"column":8},"end":{"line":30,"column":8}}]},"2":{"line":60,"type":"if","locations":[{"start":{"line":60,"column":8},"end":{"line":60,"column":8}},{"start":{"line":60,"column":8},"end":{"line":60,"column":8}}]},"3":{"line":79,"type":"if","locations":[{"start":{"line":79,"column":8},"end":{"line":79,"column":8}},{"start":{"line":79,"column":8},"end":{"line":79,"column":8}}]},"4":{"line":84,"type":"if","locations":[{"start":{"line":84,"column":8},"end":{"line":84,"column":8}},{"start":{"line":84,"column":8},"end":{"line":84,"column":8}}]},"5":{"line":119,"type":"if","locations":[{"start":{"line":119,"column":8},"end":{"line":119,"column":8}},{"start":{"line":119,"column":8},"end":{"line":119,"column":8}}]},"6":{"line":155,"type":"if","locations":[{"start":{"line":155,"column":8},"end":{"line":155,"column":8}},{"start":{"line":155,"column":8},"end":{"line":155,"column":8}}]}}},
"contracts\\library\\SafeToken.sol":{"l":{"10":0,"14":0,"19":0,"20":0,"25":0,"26":0,"31":0,"32":0},"path":"D:\\1web3\\Web3-Pledge\\pledgev2\\contracts\\library\\SafeToken.sol","s":{"1":0,"2":0,"3":0,"4":0,"5":0,"6":0,"7":0,"8":0},"b":{"1":[0,0],"2":[0,0],"3":[0,0],"4":[0,0],"5":[0,0],"6":[0,0]},"f":{"1":0,"2":0,"3":0,"4":0,"5":0},"fnMap":{"1":{"name":"myBalance","line":9,"loc":{"start":{"line":9,"column":2},"end":{"line":11,"column":2}}},"2":{"name":"balanceOf","line":13,"loc":{"start":{"line":13,"column":2},"end":{"line":15,"column":2}}},"3":{"name":"safeApprove","line":17,"loc":{"start":{"line":17,"column":2},"end":{"line":21,"column":2}}},"4":{"name":"safeTransfer","line":23,"loc":{"start":{"line":23,"column":2},"end":{"line":27,"column":2}}},"5":{"name":"safeTransferFrom","line":29,"loc":{"start":{"line":29,"column":2},"end":{"line":33,"column":2}}}},"statementMap":{"1":{"start":{"line":10,"column":4},"end":{"line":10,"column":57}},"2":{"start":{"line":14,"column":4},"end":{"line":14,"column":48}},"3":{"start":{"line":19,"column":4},"end":{"line":19,"column":97}},"4":{"start":{"line":20,"column":4},"end":{"line":20,"column":85}},"5":{"start":{"line":25,"column":4},"end":{"line":25,"column":97}},"6":{"start":{"line":26,"column":4},"end":{"line":26,"column":86}},"7":{"start":{"line":31,"column":4},"end":{"line":31,"column":103}},"8":{"start":{"line":32,"column":4},"end":{"line":32,"column":90}}},"branchMap":{"1":{"line":20,"type":"if","locations":[{"start":{"line":20,"column":4},"end":{"line":20,"column":4}},{"start":{"line":20,"column":4},"end":{"line":20,"column":4}}]},"2":{"line":20,"type":"cond-expr","locations":[{"start":{"line":20,"column":24},"end":{"line":20,"column":39}},{"start":{"line":20,"column":44},"end":{"line":20,"column":67}}]},"3":{"line":26,"type":"if","locations":[{"start":{"line":26,"column":4},"end":{"line":26,"column":4}},{"start":{"line":26,"column":4},"end":{"line":26,"column":4}}]},"4":{"line":26,"type":"cond-expr","locations":[{"start":{"line":26,"column":24},"end":{"line":26,"column":39}},{"start":{"line":26,"column":44},"end":{"line":26,"column":67}}]},"5":{"line":32,"type":"if","locations":[{"start":{"line":32,"column":4},"end":{"line":32,"column":4}},{"start":{"line":32,"column":4},"end":{"line":32,"column":4}}]},"6":{"line":32,"type":"cond-expr","locations":[{"start":{"line":32,"column":24},"end":{"line":32,"column":39}},{"start":{"line":32,"column":44},"end":{"line":32,"column":67}}]}}},
"contracts\\library\\SafeTransfer.sol":{"l":{"21":10,"22":0,"24":10,"25":10,"27":10,"37":0,"38":0,"40":0,"41":0,"43":0},"path":"D:\\1web3\\Web3-Pledge\\pledgev2\\contracts\\library\\SafeTransfer.sol","s":{"1":10,"2":10,"3":10,"4":10,"5":10,"6":0,"7":0,"8":0,"9":0,"10":0},"b":{"1":[0,10],"2":[10,0],"3":[0,0]},"f":{"1":10,"2":0},"fnMap":{"1":{"name":"getPayableAmount","line":20,"loc":{"start":{"line":20,"column":4},"end":{"line":28,"column":4}}},"2":{"name":"_redeem","line":36,"loc":{"start":{"line":36,"column":4},"end":{"line":44,"column":4}}}},"statementMap":{"1":{"start":{"line":21,"column":8},"end":{"line":21,"column":535}},"2":{"start":{"line":23,"column":14},"end":{"line":23,"column":609}},"3":{"start":{"line":24,"column":12},"end":{"line":24,"column":41}},"4":{"start":{"line":25,"column":12},"end":{"line":25,"column":69}},"5":{"start":{"line":27,"column":8},"end":{"line":27,"column":21}},"6":{"start":{"line":37,"column":8},"end":{"line":37,"column":1087}},"7":{"start":{"line":38,"column":12},"end":{"line":38,"column":37}},"8":{"start":{"line":40,"column":12},"end":{"line":40,"column":41}},"9":{"start":{"line":41,"column":12},"end":{"line":41,"column":48}},"10":{"start":{"line":43,"column":8},"end":{"line":43,"column":43}}},"branchMap":{"1":{"line":21,"type":"if","locations":[{"start":{"line":21,"column":8},"end":{"line":21,"column":8}},{"start":{"line":21,"column":8},"end":{"line":21,"column":8}}]},"2":{"line":23,"type":"if","locations":[{"start":{"line":23,"column":14},"end":{"line":23,"column":14}},{"start":{"line":23,"column":14},"end":{"line":23,"column":14}}]},"3":{"line":37,"type":"if","locations":[{"start":{"line":37,"column":8},"end":{"line":37,"column":8}},{"start":{"line":37,"column":8},"end":{"line":37,"column":8}}]}}},
"contracts\\mock\\BTC.sol":{"l":{"114":152,"118":0,"119":0,"147":75,"148":75,"150":75,"163":0,"176":25,"177":25,"179":25,"195":0,"196":0,"199":0,"200":0,"202":0,"217":0,"233":0,"234":0,"237":0,"252":0,"267":0,"268":0,"293":75,"294":75,"295":75,"302":0,"309":25,"310":25,"321":0,"322":0,"330":0,"337":0,"338":0,"339":0,"356":75,"357":75,"358":75,"359":75,"360":75,"362":75,"369":0,"376":0,"383":0,"390":0,"397":0,"404":0,"416":25,"417":25,"424":0,"435":2,"436":2,"452":0,"453":0,"454":0,"470":0,"471":0,"489":0,"490":0,"502":25,"503":25,"510":0,"511":0,"529":25,"530":25,"532":25,"533":25,"534":25,"547":25,"549":25,"550":25,"551":25,"566":0,"568":0,"569":0,"570":0,"587":2,"588":2,"590":2,"591":2,"601":0,"602":0},"path":"D:\\1web3\\Web3-Pledge\\pledgev2\\contracts\\mock\\BTC.sol","s":{"1":152,"2":0,"3":75,"4":75,"5":75,"6":0,"7":25,"8":25,"9":25,"10":0,"11":0,"12":0,"13":0,"14":0,"15":0,"16":0,"17":0,"18":0,"19":0,"20":0,"21":0,"22":75,"23":75,"24":0,"25":25,"26":0,"27":0,"28":0,"29":0,"30":75,"31":0,"32":0,"33":0,"34":0,"35":0,"36":0,"37":25,"38":25,"39":0,"40":2,"41":2,"42":0,"43":0,"44":0,"45":0,"46":0,"47":0,"48":0,"49":25,"50":25,"51":0,"52":0,"53":25,"54":25,"55":25,"56":25,"57":25,"58":0,"59":0,"60":2,"61":2,"62":2,"63":0,"64":0},"b":{"1":[75,0],"2":[25,0],"3":[0,0],"4":[0,0],"5":[0,0],"6":[0,0],"7":[25,0],"8":[0,0],"9":[0,0],"10":[0,0],"11":[25,0],"12":[25,0],"13":[25,0],"14":[25,0],"15":[0,0],"16":[2,0],"17":[2,0]},"f":{"1":75,"2":152,"3":0,"4":75,"5":0,"6":25,"7":0,"8":0,"9":0,"10":0,"11":0,"12":75,"13":0,"14":25,"15":0,"16":0,"17":0,"18":75,"19":0,"20":0,"21":0,"22":0,"23":0,"24":0,"25":25,"26":0,"27":2,"28":0,"29":0,"30":0,"31":25,"32":0,"33":25,"34":25,"35":0,"36":2,"37":0},"fnMap":{"1":{"name":"constructor","line":111,"loc":{"start":{"line":111,"column":2},"end":{"line":111,"column":28}}},"2":{"name":"_msgSender","line":113,"loc":{"start":{"line":113,"column":2},"end":{"line":115,"column":2}}},"3":{"name":"_msgData","line":117,"loc":{"start":{"line":117,"column":2},"end":{"line":120,"column":2}}},"4":{"name":"add","line":146,"loc":{"start":{"line":146,"column":2},"end":{"line":151,"column":2}}},"5":{"name":"sub","line":162,"loc":{"start":{"line":162,"column":2},"end":{"line":164,"column":2}}},"6":{"name":"sub","line":175,"loc":{"start":{"line":175,"column":2},"end":{"line":180,"column":2}}},"7":{"name":"mul","line":191,"loc":{"start":{"line":191,"column":2},"end":{"line":203,"column":2}}},"8":{"name":"div","line":216,"loc":{"start":{"line":216,"column":2},"end":{"line":218,"column":2}}},"9":{"name":"div","line":231,"loc":{"start":{"line":231,"column":2},"end":{"line":238,"column":2}}},"10":{"name":"mod","line":251,"loc":{"start":{"line":251,"column":2},"end":{"line":253,"column":2}}},"11":{"name":"mod","line":266,"loc":{"start":{"line":266,"column":2},"end":{"line":269,"column":2}}},"12":{"name":"constructor","line":292,"loc":{"start":{"line":292,"column":2},"end":{"line":296,"column":2}}},"13":{"name":"owner","line":301,"loc":{"start":{"line":301,"column":2},"end":{"line":303,"column":2}}},"14":{"name":"onlyOwner","line":308,"loc":{"start":{"line":308,"column":2},"end":{"line":311,"column":2}}},"15":{"name":"renounceOwnership","line":320,"loc":{"start":{"line":320,"column":2},"end":{"line":323,"column":2}}},"16":{"name":"transferOwnership","line":329,"loc":{"start":{"line":329,"column":2},"end":{"line":331,"column":2}}},"17":{"name":"_transferOwnership","line":336,"loc":{"start":{"line":336,"column":2},"end":{"line":340,"column":2}}},"18":{"name":"constructor","line":355,"loc":{"start":{"line":355,"column":2},"end":{"line":363,"column":2}}},"19":{"name":"getOwner","line":368,"loc":{"start":{"line":368,"column":2},"end":{"line":370,"column":2}}},"20":{"name":"decimals","line":375,"loc":{"start":{"line":375,"column":2},"end":{"line":377,"column":2}}},"21":{"name":"symbol","line":382,"loc":{"start":{"line":382,"column":2},"end":{"line":384,"column":2}}},"22":{"name":"name","line":389,"loc":{"start":{"line":389,"column":2},"end":{"line":391,"column":2}}},"23":{"name":"totalSupply","line":396,"loc":{"start":{"line":396,"column":2},"end":{"line":398,"column":2}}},"24":{"name":"balanceOf","line":403,"loc":{"start":{"line":403,"column":2},"end":{"line":405,"column":2}}},"25":{"name":"transfer","line":415,"loc":{"start":{"line":415,"column":2},"end":{"line":418,"column":2}}},"26":{"name":"allowance","line":423,"loc":{"start":{"line":423,"column":2},"end":{"line":425,"column":2}}},"27":{"name":"approve","line":434,"loc":{"start":{"line":434,"column":2},"end":{"line":437,"column":2}}},"28":{"name":"transferFrom","line":451,"loc":{"start":{"line":451,"column":2},"end":{"line":455,"column":2}}},"29":{"name":"increaseAllowance","line":469,"loc":{"start":{"line":469,"column":2},"end":{"line":472,"column":2}}},"30":{"name":"decreaseAllowance","line":488,"loc":{"start":{"line":488,"column":2},"end":{"line":491,"column":2}}},"31":{"name":"mint","line":501,"loc":{"start":{"line":501,"column":2},"end":{"line":504,"column":2}}},"32":{"name":"burn","line":509,"loc":{"start":{"line":509,"column":2},"end":{"line":512,"column":2}}},"33":{"name":"_transfer","line":528,"loc":{"start":{"line":528,"column":2},"end":{"line":535,"column":2}}},"34":{"name":"_mint","line":546,"loc":{"start":{"line":546,"column":2},"end":{"line":552,"column":2}}},"35":{"name":"_burn","line":565,"loc":{"start":{"line":565,"column":2},"end":{"line":571,"column":2}}},"36":{"name":"_approve","line":586,"loc":{"start":{"line":586,"column":2},"end":{"line":592,"column":2}}},"37":{"name":"_burnFrom","line":600,"loc":{"start":{"line":600,"column":2},"end":{"line":603,"column":2}}}},"statementMap":{"1":{"start":{"line":114,"column":4},"end":{"line":114,"column":21}},"2":{"start":{"line":119,"column":4},"end":{"line":119,"column":19}},"3":{"start":{"line":147,"column":4},"end":{"line":147,"column":21}},"4":{"start":{"line":148,"column":4},"end":{"line":148,"column":49}},"5":{"start":{"line":150,"column":4},"end":{"line":150,"column":12}},"6":{"start":{"line":163,"column":4},"end":{"line":163,"column":54}},"7":{"start":{"line":176,"column":4},"end":{"line":176,"column":32}},"8":{"start":{"line":177,"column":4},"end":{"line":177,"column":21}},"9":{"start":{"line":179,"column":4},"end":{"line":179,"column":12}},"10":{"start":{"line":195,"column":4},"end":{"line":195,"column":6429}},"11":{"start":{"line":196,"column":6},"end":{"line":196,"column":14}},"12":{"start":{"line":199,"column":4},"end":{"line":199,"column":21}},"13":{"start":{"line":200,"column":4},"end":{"line":200,"column":59}},"14":{"start":{"line":202,"column":4},"end":{"line":202,"column":12}},"15":{"start":{"line":217,"column":4},"end":{"line":217,"column":50}},"16":{"start":{"line":233,"column":4},"end":{"line":233,"column":31}},"17":{"start":{"line":234,"column":4},"end":{"line":234,"column":21}},"18":{"start":{"line":237,"column":4},"end":{"line":237,"column":12}},"19":{"start":{"line":252,"column":4},"end":{"line":252,"column":48}},"20":{"start":{"line":267,"column":4},"end":{"line":267,"column":32}},"21":{"start":{"line":268,"column":4},"end":{"line":268,"column":16}},"22":{"start":{"line":293,"column":4},"end":{"line":293,"column":36}},"23":{"start":{"line":295,"column":4},"end":{"line":295,"column":52}},"24":{"start":{"line":302,"column":4},"end":{"line":302,"column":17}},"25":{"start":{"line":309,"column":4},"end":{"line":309,"column":70}},"26":{"start":{"line":321,"column":4},"end":{"line":321,"column":49}},"27":{"start":{"line":330,"column":4},"end":{"line":330,"column":31}},"28":{"start":{"line":337,"column":4},"end":{"line":337,"column":76}},"29":{"start":{"line":338,"column":4},"end":{"line":338,"column":47}},"30":{"start":{"line":362,"column":4},"end":{"line":362,"column":55}},"31":{"start":{"line":369,"column":4},"end":{"line":369,"column":18}},"32":{"start":{"line":376,"column":4},"end":{"line":376,"column":20}},"33":{"start":{"line":383,"column":4},"end":{"line":383,"column":18}},"34":{"start":{"line":390,"column":4},"end":{"line":390,"column":16}},"35":{"start":{"line":397,"column":4},"end":{"line":397,"column":23}},"36":{"start":{"line":404,"column":4},"end":{"line":404,"column":29}},"37":{"start":{"line":416,"column":4},"end":{"line":416,"column":45}},"38":{"start":{"line":417,"column":4},"end":{"line":417,"column":15}},"39":{"start":{"line":424,"column":4},"end":{"line":424,"column":38}},"40":{"start":{"line":435,"column":4},"end":{"line":435,"column":42}},"41":{"start":{"line":436,"column":4},"end":{"line":436,"column":15}},"42":{"start":{"line":452,"column":4},"end":{"line":452,"column":39}},"43":{"start":{"line":453,"column":4},"end":{"line":453,"column":124}},"44":{"start":{"line":454,"column":4},"end":{"line":454,"column":15}},"45":{"start":{"line":470,"column":4},"end":{"line":470,"column":86}},"46":{"start":{"line":471,"column":4},"end":{"line":471,"column":15}},"47":{"start":{"line":489,"column":4},"end":{"line":489,"column":132}},"48":{"start":{"line":490,"column":4},"end":{"line":490,"column":15}},"49":{"start":{"line":502,"column":4},"end":{"line":502,"column":30}},"50":{"start":{"line":503,"column":4},"end":{"line":503,"column":15}},"51":{"start":{"line":510,"column":4},"end":{"line":510,"column":30}},"52":{"start":{"line":511,"column":4},"end":{"line":511,"column":15}},"53":{"start":{"line":529,"column":4},"end":{"line":529,"column":73}},"54":{"start":{"line":530,"column":4},"end":{"line":530,"column":74}},"55":{"start":{"line":534,"column":4},"end":{"line":534,"column":44}},"56":{"start":{"line":547,"column":4},"end":{"line":547,"column":68}},"57":{"start":{"line":551,"column":4},"end":{"line":551,"column":46}},"58":{"start":{"line":566,"column":4},"end":{"line":566,"column":70}},"59":{"start":{"line":570,"column":4},"end":{"line":570,"column":46}},"60":{"start":{"line":587,"column":4},"end":{"line":587,"column":71}},"61":{"start":{"line":588,"column":4},"end":{"line":588,"column":71}},"62":{"start":{"line":591,"column":4},"end":{"line":591,"column":41}},"63":{"start":{"line":601,"column":4},"end":{"line":601,"column":25}},"64":{"start":{"line":602,"column":4},"end":{"line":602,"column":122}}},"branchMap":{"1":{"line":148,"type":"if","locations":[{"start":{"line":148,"column":4},"end":{"line":148,"column":4}},{"start":{"line":148,"column":4},"end":{"line":148,"column":4}}]},"2":{"line":176,"type":"if","locations":[{"start":{"line":176,"column":4},"end":{"line":176,"column":4}},{"start":{"line":176,"column":4},"end":{"line":176,"column":4}}]},"3":{"line":195,"type":"if","locations":[{"start":{"line":195,"column":4},"end":{"line":195,"column":4}},{"start":{"line":195,"column":4},"end":{"line":195,"column":4}}]},"4":{"line":200,"type":"if","locations":[{"start":{"line":200,"column":4},"end":{"line":200,"column":4}},{"start":{"line":200,"column":4},"end":{"line":200,"column":4}}]},"5":{"line":233,"type":"if","locations":[{"start":{"line":233,"column":4},"end":{"line":233,"column":4}},{"start":{"line":233,"column":4},"end":{"line":233,"column":4}}]},"6":{"line":267,"type":"if","locations":[{"start":{"line":267,"column":4},"end":{"line":267,"column":4}},{"start":{"line":267,"column":4},"end":{"line":267,"column":4}}]},"7":{"line":309,"type":"if","locations":[{"start":{"line":309,"column":4},"end":{"line":309,"column":4}},{"start":{"line":309,"column":4},"end":{"line":309,"column":4}}]},"8":{"line":320,"type":"if","locations":[{"start":{"line":320,"column":38},"end":{"line":320,"column":38}},{"start":{"line":320,"column":38},"end":{"line":320,"column":38}}]},"9":{"line":329,"type":"if","locations":[{"start":{"line":329,"column":54},"end":{"line":329,"column":54}},{"start":{"line":329,"column":54},"end":{"line":329,"column":54}}]},"10":{"line":337,"type":"if","locations":[{"start":{"line":337,"column":4},"end":{"line":337,"column":4}},{"start":{"line":337,"column":4},"end":{"line":337,"column":4}}]},"11":{"line":501,"type":"if","locations":[{"start":{"line":501,"column":39},"end":{"line":501,"column":39}},{"start":{"line":501,"column":39},"end":{"line":501,"column":39}}]},"12":{"line":529,"type":"if","locations":[{"start":{"line":529,"column":4},"end":{"line":529,"column":4}},{"start":{"line":529,"column":4},"end":{"line":529,"column":4}}]},"13":{"line":530,"type":"if","locations":[{"start":{"line":530,"column":4},"end":{"line":530,"column":4}},{"start":{"line":530,"column":4},"end":{"line":530,"column":4}}]},"14":{"line":547,"type":"if","locations":[{"start":{"line":547,"column":4},"end":{"line":547,"column":4}},{"start":{"line":547,"column":4},"end":{"line":547,"column":4}}]},"15":{"line":566,"type":"if","locations":[{"start":{"line":566,"column":4},"end":{"line":566,"column":4}},{"start":{"line":566,"column":4},"end":{"line":566,"column":4}}]},"16":{"line":587,"type":"if","locations":[{"start":{"line":587,"column":4},"end":{"line":587,"column":4}},{"start":{"line":587,"column":4},"end":{"line":587,"column":4}}]},"17":{"line":588,"type":"if","locations":[{"start":{"line":588,"column":4},"end":{"line":588,"column":4}},{"start":{"line":588,"column":4},"end":{"line":588,"column":4}}]}}},
"contracts\\mock\\BUSD.sol":{"l":{"114":280,"118":0,"119":0,"147":88,"148":88,"150":88,"163":0,"176":46,"177":46,"179":46,"195":0,"196":0,"199":0,"200":0,"202":0,"217":0,"233":0,"234":0,"237":0,"252":0,"267":0,"268":0,"293":171,"294":171,"295":171,"302":0,"309":26,"310":26,"321":0,"322":0,"330":0,"337":0,"338":0,"339":0,"356":171,"357":171,"358":171,"359":171,"360":171,"362":171,"369":0,"376":0,"383":0,"390":0,"397":0,"404":0,"416":26,"417":26,"424":0,"435":11,"436":11,"452":10,"453":10,"454":10,"470":0,"471":0,"489":0,"490":0,"502":26,"503":26,"510":0,"511":0,"529":36,"530":36,"532":36,"533":36,"534":36,"547":26,"549":26,"550":26,"551":26,"566":0,"568":0,"569":0,"570":0,"587":21,"588":21,"590":21,"591":21,"601":0,"602":0},"path":"D:\\1web3\\Web3-Pledge\\pledgev2\\contracts\\mock\\BUSD.sol","s":{"1":280,"2":0,"3":88,"4":88,"5":88,"6":0,"7":46,"8":46,"9":46,"10":0,"11":0,"12":0,"13":0,"14":0,"15":0,"16":0,"17":0,"18":0,"19":0,"20":0,"21":0,"22":171,"23":171,"24":0,"25":26,"26":0,"27":0,"28":0,"29":0,"30":171,"31":0,"32":0,"33":0,"34":0,"35":0,"36":0,"37":26,"38":26,"39":0,"40":11,"41":11,"42":10,"43":10,"44":10,"45":0,"46":0,"47":0,"48":0,"49":26,"50":26,"51":0,"52":0,"53":36,"54":36,"55":36,"56":26,"57":26,"58":0,"59":0,"60":21,"61":21,"62":21,"63":0,"64":0},"b":{"1":[88,0],"2":[46,0],"3":[0,0],"4":[0,0],"5":[0,0],"6":[0,0],"7":[26,0],"8":[0,0],"9":[0,0],"10":[0,0],"11":[26,0],"12":[36,0],"13":[36,0],"14":[26,0],"15":[0,0],"16":[21,0],"17":[21,0]},"f":{"1":171,"2":280,"3":0,"4":88,"5":0,"6":46,"7":0,"8":0,"9":0,"10":0,"11":0,"12":171,"13":0,"14":26,"15":0,"16":0,"17":0,"18":171,"19":0,"20":0,"21":0,"22":0,"23":0,"24":0,"25":26,"26":0,"27":11,"28":10,"29":0,"30":0,"31":26,"32":0,"33":36,"34":26,"35":0,"36":21,"37":0},"fnMap":{"1":{"name":"constructor","line":111,"loc":{"start":{"line":111,"column":2},"end":{"line":111,"column":28}}},"2":{"name":"_msgSender","line":113,"loc":{"start":{"line":113,"column":2},"end":{"line":115,"column":2}}},"3":{"name":"_msgData","line":117,"loc":{"start":{"line":117,"column":2},"end":{"line":120,"column":2}}},"4":{"name":"add","line":146,"loc":{"start":{"line":146,"column":2},"end":{"line":151,"column":2}}},"5":{"name":"sub","line":162,"loc":{"start":{"line":162,"column":2},"end":{"line":164,"column":2}}},"6":{"name":"sub","line":175,"loc":{"start":{"line":175,"column":2},"end":{"line":180,"column":2}}},"7":{"name":"mul","line":191,"loc":{"start":{"line":191,"column":2},"end":{"line":203,"column":2}}},"8":{"name":"div","line":216,"loc":{"start":{"line":216,"column":2},"end":{"line":218,"column":2}}},"9":{"name":"div","line":231,"loc":{"start":{"line":231,"column":2},"end":{"line":238,"column":2}}},"10":{"name":"mod","line":251,"loc":{"start":{"line":251,"column":2},"end":{"line":253,"column":2}}},"11":{"name":"mod","line":266,"loc":{"start":{"line":266,"column":2},"end":{"line":269,"column":2}}},"12":{"name":"constructor","line":292,"loc":{"start":{"line":292,"column":2},"end":{"line":296,"column":2}}},"13":{"name":"owner","line":301,"loc":{"start":{"line":301,"column":2},"end":{"line":303,"column":2}}},"14":{"name":"onlyOwner","line":308,"loc":{"start":{"line":308,"column":2},"end":{"line":311,"column":2}}},"15":{"name":"renounceOwnership","line":320,"loc":{"start":{"line":320,"column":2},"end":{"line":323,"column":2}}},"16":{"name":"transferOwnership","line":329,"loc":{"start":{"line":329,"column":2},"end":{"line":331,"column":2}}},"17":{"name":"_transferOwnership","line":336,"loc":{"start":{"line":336,"column":2},"end":{"line":340,"column":2}}},"18":{"name":"constructor","line":355,"loc":{"start":{"line":355,"column":2},"end":{"line":363,"column":2}}},"19":{"name":"getOwner","line":368,"loc":{"start":{"line":368,"column":2},"end":{"line":370,"column":2}}},"20":{"name":"decimals","line":375,"loc":{"start":{"line":375,"column":2},"end":{"line":377,"column":2}}},"21":{"name":"symbol","line":382,"loc":{"start":{"line":382,"column":2},"end":{"line":384,"column":2}}},"22":{"name":"name","line":389,"loc":{"start":{"line":389,"column":2},"end":{"line":391,"column":2}}},"23":{"name":"totalSupply","line":396,"loc":{"start":{"line":396,"column":2},"end":{"line":398,"column":2}}},"24":{"name":"balanceOf","line":403,"loc":{"start":{"line":403,"column":2},"end":{"line":405,"column":2}}},"25":{"name":"transfer","line":415,"loc":{"start":{"line":415,"column":2},"end":{"line":418,"column":2}}},"26":{"name":"allowance","line":423,"loc":{"start":{"line":423,"column":2},"end":{"line":425,"column":2}}},"27":{"name":"approve","line":434,"loc":{"start":{"line":434,"column":2},"end":{"line":437,"column":2}}},"28":{"name":"transferFrom","line":451,"loc":{"start":{"line":451,"column":2},"end":{"line":455,"column":2}}},"29":{"name":"increaseAllowance","line":469,"loc":{"start":{"line":469,"column":2},"end":{"line":472,"column":2}}},"30":{"name":"decreaseAllowance","line":488,"loc":{"start":{"line":488,"column":2},"end":{"line":491,"column":2}}},"31":{"name":"mint","line":501,"loc":{"start":{"line":501,"column":2},"end":{"line":504,"column":2}}},"32":{"name":"burn","line":509,"loc":{"start":{"line":509,"column":2},"end":{"line":512,"column":2}}},"33":{"name":"_transfer","line":528,"loc":{"start":{"line":528,"column":2},"end":{"line":535,"column":2}}},"34":{"name":"_mint","line":546,"loc":{"start":{"line":546,"column":2},"end":{"line":552,"column":2}}},"35":{"name":"_burn","line":565,"loc":{"start":{"line":565,"column":2},"end":{"line":571,"column":2}}},"36":{"name":"_approve","line":586,"loc":{"start":{"line":586,"column":2},"end":{"line":592,"column":2}}},"37":{"name":"_burnFrom","line":600,"loc":{"start":{"line":600,"column":2},"end":{"line":603,"column":2}}}},"statementMap":{"1":{"start":{"line":114,"column":4},"end":{"line":114,"column":21}},"2":{"start":{"line":119,"column":4},"end":{"line":119,"column":19}},"3":{"start":{"line":147,"column":4},"end":{"line":147,"column":21}},"4":{"start":{"line":148,"column":4},"end":{"line":148,"column":49}},"5":{"start":{"line":150,"column":4},"end":{"line":150,"column":12}},"6":{"start":{"line":163,"column":4},"end":{"line":163,"column":54}},"7":{"start":{"line":176,"column":4},"end":{"line":176,"column":32}},"8":{"start":{"line":177,"column":4},"end":{"line":177,"column":21}},"9":{"start":{"line":179,"column":4},"end":{"line":179,"column":12}},"10":{"start":{"line":195,"column":4},"end":{"line":195,"column":6429}},"11":{"start":{"line":196,"column":6},"end":{"line":196,"column":14}},"12":{"start":{"line":199,"column":4},"end":{"line":199,"column":21}},"13":{"start":{"line":200,"column":4},"end":{"line":200,"column":59}},"14":{"start":{"line":202,"column":4},"end":{"line":202,"column":12}},"15":{"start":{"line":217,"column":4},"end":{"line":217,"column":50}},"16":{"start":{"line":233,"column":4},"end":{"line":233,"column":31}},"17":{"start":{"line":234,"column":4},"end":{"line":234,"column":21}},"18":{"start":{"line":237,"column":4},"end":{"line":237,"column":12}},"19":{"start":{"line":252,"column":4},"end":{"line":252,"column":48}},"20":{"start":{"line":267,"column":4},"end":{"line":267,"column":32}},"21":{"start":{"line":268,"column":4},"end":{"line":268,"column":16}},"22":{"start":{"line":293,"column":4},"end":{"line":293,"column":36}},"23":{"start":{"line":295,"column":4},"end":{"line":295,"column":52}},"24":{"start":{"line":302,"column":4},"end":{"line":302,"column":17}},"25":{"start":{"line":309,"column":4},"end":{"line":309,"column":70}},"26":{"start":{"line":321,"column":4},"end":{"line":321,"column":49}},"27":{"start":{"line":330,"column":4},"end":{"line":330,"column":31}},"28":{"start":{"line":337,"column":4},"end":{"line":337,"column":76}},"29":{"start":{"line":338,"column":4},"end":{"line":338,"column":47}},"30":{"start":{"line":362,"column":4},"end":{"line":362,"column":55}},"31":{"start":{"line":369,"column":4},"end":{"line":369,"column":18}},"32":{"start":{"line":376,"column":4},"end":{"line":376,"column":20}},"33":{"start":{"line":383,"column":4},"end":{"line":383,"column":18}},"34":{"start":{"line":390,"column":4},"end":{"line":390,"column":16}},"35":{"start":{"line":397,"column":4},"end":{"line":397,"column":23}},"36":{"start":{"line":404,"column":4},"end":{"line":404,"column":29}},"37":{"start":{"line":416,"column":4},"end":{"line":416,"column":45}},"38":{"start":{"line":417,"column":4},"end":{"line":417,"column":15}},"39":{"start":{"line":424,"column":4},"end":{"line":424,"column":38}},"40":{"start":{"line":435,"column":4},"end":{"line":435,"column":42}},"41":{"start":{"line":436,"column":4},"end":{"line":436,"column":15}},"42":{"start":{"line":452,"column":4},"end":{"line":452,"column":39}},"43":{"start":{"line":453,"column":4},"end":{"line":453,"column":124}},"44":{"start":{"line":454,"column":4},"end":{"line":454,"column":15}},"45":{"start":{"line":470,"column":4},"end":{"line":470,"column":86}},"46":{"start":{"line":471,"column":4},"end":{"line":471,"column":15}},"47":{"start":{"line":489,"column":4},"end":{"line":489,"column":132}},"48":{"start":{"line":490,"column":4},"end":{"line":490,"column":15}},"49":{"start":{"line":502,"column":4},"end":{"line":502,"column":30}},"50":{"start":{"line":503,"column":4},"end":{"line":503,"column":15}},"51":{"start":{"line":510,"column":4},"end":{"line":510,"column":30}},"52":{"start":{"line":511,"column":4},"end":{"line":511,"column":15}},"53":{"start":{"line":529,"column":4},"end":{"line":529,"column":73}},"54":{"start":{"line":530,"column":4},"end":{"line":530,"column":74}},"55":{"start":{"line":534,"column":4},"end":{"line":534,"column":44}},"56":{"start":{"line":547,"column":4},"end":{"line":547,"column":68}},"57":{"start":{"line":551,"column":4},"end":{"line":551,"column":46}},"58":{"start":{"line":566,"column":4},"end":{"line":566,"column":70}},"59":{"start":{"line":570,"column":4},"end":{"line":570,"column":46}},"60":{"start":{"line":587,"column":4},"end":{"line":587,"column":71}},"61":{"start":{"line":588,"column":4},"end":{"line":588,"column":71}},"62":{"start":{"line":591,"column":4},"end":{"line":591,"column":41}},"63":{"start":{"line":601,"column":4},"end":{"line":601,"column":25}},"64":{"start":{"line":602,"column":4},"end":{"line":602,"column":122}}},"branchMap":{"1":{"line":148,"type":"if","locations":[{"start":{"line":148,"column":4},"end":{"line":148,"column":4}},{"start":{"line":148,"column":4},"end":{"line":148,"column":4}}]},"2":{"line":176,"type":"if","locations":[{"start":{"line":176,"column":4},"end":{"line":176,"column":4}},{"start":{"line":176,"column":4},"end":{"line":176,"column":4}}]},"3":{"line":195,"type":"if","locations":[{"start":{"line":195,"column":4},"end":{"line":195,"column":4}},{"start":{"line":195,"column":4},"end":{"line":195,"column":4}}]},"4":{"line":200,"type":"if","locations":[{"start":{"line":200,"column":4},"end":{"line":200,"column":4}},{"start":{"line":200,"column":4},"end":{"line":200,"column":4}}]},"5":{"line":233,"type":"if","locations":[{"start":{"line":233,"column":4},"end":{"line":233,"column":4}},{"start":{"line":233,"column":4},"end":{"line":233,"column":4}}]},"6":{"line":267,"type":"if","locations":[{"start":{"line":267,"column":4},"end":{"line":267,"column":4}},{"start":{"line":267,"column":4},"end":{"line":267,"column":4}}]},"7":{"line":309,"type":"if","locations":[{"start":{"line":309,"column":4},"end":{"line":309,"column":4}},{"start":{"line":309,"column":4},"end":{"line":309,"column":4}}]},"8":{"line":320,"type":"if","locations":[{"start":{"line":320,"column":38},"end":{"line":320,"column":38}},{"start":{"line":320,"column":38},"end":{"line":320,"column":38}}]},"9":{"line":329,"type":"if","locations":[{"start":{"line":329,"column":54},"end":{"line":329,"column":54}},{"start":{"line":329,"column":54},"end":{"line":329,"column":54}}]},"10":{"line":337,"type":"if","locations":[{"start":{"line":337,"column":4},"end":{"line":337,"column":4}},{"start":{"line":337,"column":4},"end":{"line":337,"column":4}}]},"11":{"line":501,"type":"if","locations":[{"start":{"line":501,"column":39},"end":{"line":501,"column":39}},{"start":{"line":501,"column":39},"end":{"line":501,"column":39}}]},"12":{"line":529,"type":"if","locations":[{"start":{"line":529,"column":4},"end":{"line":529,"column":4}},{"start":{"line":529,"column":4},"end":{"line":529,"column":4}}]},"13":{"line":530,"type":"if","locations":[{"start":{"line":530,"column":4},"end":{"line":530,"column":4}},{"start":{"line":530,"column":4},"end":{"line":530,"column":4}}]},"14":{"line":547,"type":"if","locations":[{"start":{"line":547,"column":4},"end":{"line":547,"column":4}},{"start":{"line":547,"column":4},"end":{"line":547,"column":4}}]},"15":{"line":566,"type":"if","locations":[{"start":{"line":566,"column":4},"end":{"line":566,"column":4}},{"start":{"line":566,"column":4},"end":{"line":566,"column":4}}]},"16":{"line":587,"type":"if","locations":[{"start":{"line":587,"column":4},"end":{"line":587,"column":4}},{"start":{"line":587,"column":4},"end":{"line":587,"column":4}}]},"17":{"line":588,"type":"if","locations":[{"start":{"line":588,"column":4},"end":{"line":588,"column":4}},{"start":{"line":588,"column":4},"end":{"line":588,"column":4}}]}}},
"contracts\\mock\\MockMultiSignature.sol":{"l":{"17":162,"25":90},"path":"D:\\1web3\\Web3-Pledge\\pledgev2\\contracts\\mock\\MockMultiSignature.sol","s":{"1":90},"b":{},"f":{"1":162,"2":90},"fnMap":{"1":{"name":"constructor","line":16,"loc":{"start":{"line":16,"column":4},"end":{"line":18,"column":4}}},"2":{"name":"getValidSignature","line":22,"loc":{"start":{"line":22,"column":4},"end":{"line":26,"column":4}}}},"statementMap":{"1":{"start":{"line":25,"column":8},"end":{"line":25,"column":28}}},"branchMap":{}},
"contracts\\mock\\MockOracle.sol":{"l":{"14":55,"18":0,"22":0,"23":0,"24":0,"25":0,"27":0,"31":0},"path":"D:\\1web3\\Web3-Pledge\\pledgev2\\contracts\\mock\\MockOracle.sol","s":{"1":0,"2":0,"3":0,"4":0,"5":0,"6":0},"b":{"1":[55,0]},"f":{"1":55,"2":0,"3":0,"4":0},"fnMap":{"1":{"name":"setPrice","line":13,"loc":{"start":{"line":13,"column":4},"end":{"line":15,"column":4}}},"2":{"name":"getPrice","line":17,"loc":{"start":{"line":17,"column":4},"end":{"line":19,"column":4}}},"3":{"name":"getPrices","line":21,"loc":{"start":{"line":21,"column":4},"end":{"line":28,"column":4}}},"4":{"name":"getUnderlyingPrice","line":30,"loc":{"start":{"line":30,"column":5},"end":{"line":32,"column":5}}}},"statementMap":{"1":{"start":{"line":18,"column":8},"end":{"line":18,"column":30}},"2":{"start":{"line":22,"column":8},"end":{"line":22,"column":35}},"3":{"start":{"line":23,"column":8},"end":{"line":23,"column":52}},"4":{"start":{"line":24,"column":8},"end":{"line":24,"column":724}},"5":{"start":{"line":27,"column":8},"end":{"line":27,"column":21}},"6":{"start":{"line":31,"column":9},"end":{"line":31,"column":45}}},"branchMap":{"1":{"line":13,"type":"if","locations":[{"start":{"line":13,"column":58},"end":{"line":13,"column":58}},{"start":{"line":13,"column":58},"end":{"line":13,"column":58}}]}}},
"contracts\\mock\\MockPledgePool.sol":{"l":{"108":0,"109":0,"110":0,"112":0,"113":0,"114":0,"115":0,"116":0,"124":0,"125":0,"129":0,"130":0,"131":0,"132":0,"134":0,"136":0,"138":0,"140":0,"150":0,"151":0,"159":0,"160":0,"167":0,"174":0,"184":0,"185":0,"186":0,"188":0,"204":0,"219":0,"220":0,"221":0,"222":0,"230":0,"231":0,"242":0,"243":0,"245":0,"246":0,"247":0,"249":0,"250":0,"251":0,"252":0,"253":0,"255":0,"256":0,"258":0,"267":0,"268":0,"269":0,"271":0,"272":0,"273":0,"275":0,"277":0,"279":0,"281":0,"282":0,"283":0,"292":0,"293":0,"294":0,"296":0,"297":0,"299":0,"301":0,"303":0,"305":0,"307":0,"308":0,"318":0,"319":0,"320":0,"322":0,"324":0,"326":0,"328":0,"329":0,"331":0,"333":0,"334":0,"337":0,"338":0,"340":0,"342":0,"343":0,"353":0,"354":0,"356":0,"358":0,"359":0,"361":0,"363":0,"364":0,"377":0,"378":0,"380":0,"381":0,"383":0,"384":0,"386":0,"387":0,"388":0,"390":0,"391":0,"393":0,"403":0,"404":0,"405":0,"407":0,"408":0,"409":0,"411":0,"412":0,"414":0,"416":0,"417":0,"418":0,"428":0,"429":0,"430":0,"432":0,"433":0,"435":0,"436":0,"437":0,"439":0,"441":0,"442":0,"444":0,"445":0,"455":0,"456":0,"457":0,"459":0,"461":0,"462":0,"464":0,"465":0,"466":0,"467":0,"468":0,"471":0,"472":0,"473":0,"474":0,"475":0,"485":0,"486":0,"488":0,"489":0,"490":0,"492":0,"493":0,"494":0,"502":0,"510":0,"511":0,"512":0,"513":0,"514":0,"516":0,"518":0,"520":0,"521":0,"523":0,"524":0,"527":0,"528":0,"531":0,"534":0,"535":0,"536":0,"545":0,"553":0,"554":0,"555":0,"556":0,"558":0,"560":0,"561":0,"562":0,"564":0,"565":0,"566":0,"568":0,"569":0,"571":0,"574":0,"575":0,"576":0,"578":0,"587":0,"588":0,"590":0,"592":0,"594":0,"595":0,"603":0,"604":0,"605":0,"606":0,"608":0,"609":0,"611":0,"612":0,"614":0,"615":0,"617":0,"618":0,"620":0,"623":0,"624":0,"625":0,"627":0,"635":0,"636":0,"637":0,"639":0,"648":0,"649":0,"650":0,"651":0,"658":0,"659":0,"660":0,"661":0,"668":0,"669":0,"676":0,"677":0,"679":0,"680":0,"682":0,"683":0,"684":0,"685":0,"686":0,"688":0,"690":0,"692":0,"693":0,"700":0,"701":0,"708":0,"709":0,"710":0,"711":0,"712":0,"713":0,"720":0,"724":0,"725":0,"729":0,"730":0,"734":0,"735":0,"739":0,"740":0,"745":0,"746":0,"750":0,"751":0,"755":0,"756":0,"760":0,"761":0},"path":"D:\\1web3\\Web3-Pledge\\pledgev2\\contracts\\mock\\MockPledgePool.sol","s":{"1":0,"2":0,"3":0,"4":0,"5":0,"6":0,"7":0,"8":0,"9":0,"10":0,"11":0,"12":0,"13":0,"14":0,"15":0,"16":0,"17":0,"18":0,"19":0,"20":0,"21":0,"22":0,"23":0,"24":0,"25":0,"26":0,"27":0,"28":0,"29":0,"30":0,"31":0,"32":0,"33":0,"34":0,"35":0,"36":0,"37":0,"38":0,"39":0,"40":0,"41":0,"42":0,"43":0,"44":0,"45":0,"46":0,"47":0,"48":0,"49":0,"50":0,"51":0,"52":0,"53":0,"54":0,"55":0,"56":0,"57":0,"58":0,"59":0,"60":0,"61":0,"62":0,"63":0,"64":0,"65":0,"66":0,"67":0,"68":0,"69":0,"70":0,"71":0,"72":0,"73":0,"74":0,"75":0,"76":0,"77":0,"78":0,"79":0,"80":0,"81":0,"82":0,"83":0,"84":0,"85":0,"86":0,"87":0,"88":0,"89":0,"90":0,"91":0,"92":0,"93":0,"94":0,"95":0,"96":0,"97":0,"98":0,"99":0,"100":0,"101":0,"102":0,"103":0,"104":0,"105":0,"106":0,"107":0,"108":0,"109":0,"110":0,"111":0,"112":0,"113":0,"114":0,"115":0,"116":0,"117":0,"118":0,"119":0,"120":0,"121":0,"122":0,"123":0,"124":0,"125":0,"126":0,"127":0,"128":0,"129":0,"130":0,"131":0,"132":0,"133":0,"134":0,"135":0,"136":0,"137":0,"138":0,"139":0,"140":0,"141":0,"142":0,"143":0,"144":0,"145":0,"146":0,"147":0,"148":0,"149":0,"150":0,"151":0,"152":0,"153":0,"154":0,"155":0,"156":0,"157":0,"158":0,"159":0,"160":0,"161":0,"162":0,"163":0,"164":0,"165":0,"166":0,"167":0,"168":0,"169":0,"170":0,"171":0,"172":0,"173":0,"174":0,"175":0,"176":0,"177":0,"178":0,"179":0,"180":0,"181":0,"182":0,"183":0,"184":0,"185":0,"186":0,"187":0,"188":0,"189":0,"190":0,"191":0,"192":0,"193":0,"194":0,"195":0,"196":0,"197":0,"198":0,"199":0,"200":0,"201":0},"b":{"1":[0,0],"2":[0,0],"3":[0,0],"4":[0,0],"5":[0,0],"6":[0,0],"7":[0,0],"8":[0,0],"9":[0,0],"10":[0,0],"11":[0,0],"12":[0,0],"13":[0,0],"14":[0,0],"15":[0,0],"16":[0,0],"17":[0,0],"18":[0,0],"19":[0,0],"20":[0,0],"21":[0,0],"22":[0,0],"23":[0,0],"24":[0,0],"25":[0,0],"26":[0,0],"27":[0,0],"28":[0,0],"29":[0,0],"30":[0,0],"31":[0,0],"32":[0,0],"33":[0,0],"34":[0,0],"35":[0,0],"36":[0,0],"37":[0,0],"38":[0,0],"39":[0,0],"40":[0,0],"41":[0,0],"42":[0,0],"43":[0,0],"44":[0,0],"45":[0,0],"46":[0,0],"47":[0,0],"48":[0,0],"49":[0,0],"50":[0,0],"51":[0,0],"52":[0,0],"53":[0,0],"54":[0,0],"55":[0,0],"56":[0,0],"57":[0,0],"58":[0,0],"59":[0,0],"60":[0,0],"61":[0,0],"62":[0,0],"63":[0,0],"64":[0,0],"65":[0,0],"66":[0,0],"67":[0,0],"68":[0,0],"69":[0,0],"70":[0,0],"71":[0,0],"72":[0,0],"73":[0,0],"74":[0,0],"75":[0,0],"76":[0,0],"77":[0,0],"78":[0,0],"79":[0,0],"80":[0,0],"81":[0,0],"82":[0,0],"83":[0,0],"84":[0,0],"85":[0,0],"86":[0,0],"87":[0,0],"88":[0,0],"89":[0,0],"90":[0,0],"91":[0,0],"92":[0,0],"93":[0,0],"94":[0,0],"95":[0,0],"96":[0,0],"97":[0,0],"98":[0,0],"99":[0,0],"100":[0,0],"101":[0,0],"102":[0,0],"103":[0,0],"104":[0,0],"105":[0,0],"106":[0,0],"107":[0,0],"108":[0,0],"109":[0,0],"110":[0,0],"111":[0,0],"112":[0,0],"113":[0,0],"114":[0,0],"115":[0,0],"116":[0,0],"117":[0,0],"118":[0,0],"119":[0,0],"120":[0,0],"121":[0,0],"122":[0,0],"123":[0,0],"124":[0,0],"125":[0,0],"126":[0,0],"127":[0,0],"128":[0,0],"129":[0,0],"130":[0,0]},"f":{"1":0,"2":0,"3":0,"4":0,"5":0,"6":0,"7":0,"8":0,"9":0,"10":0,"11":0,"12":0,"13":0,"14":0,"15":0,"16":0,"17":0,"18":0,"19":0,"20":0,"21":0,"22":0,"23":0,"24":0,"25":0,"26":0,"27":0,"28":0,"29":0,"30":0,"31":0,"32":0,"33":0,"34":0,"35":0,"36":0,"37":0,"38":0,"39":0,"40":0,"41":0,"42":0},"fnMap":{"1":{"name":"constructor","line":103,"loc":{"start":{"line":103,"column":4},"end":{"line":117,"column":4}}},"2":{"name":"setFee","line":123,"loc":{"start":{"line":123,"column":4},"end":{"line":126,"column":4}}},"3":{"name":"setPoolState","line":128,"loc":{"start":{"line":128,"column":4},"end":{"line":142,"column":4}}},"4":{"name":"setSwapRouterAddress","line":149,"loc":{"start":{"line":149,"column":4},"end":{"line":152,"column":4}}},"5":{"name":"setFeeAddress","line":158,"loc":{"start":{"line":158,"column":4},"end":{"line":161,"column":4}}},"6":{"name":"setMinAmount","line":166,"loc":{"start":{"line":166,"column":4},"end":{"line":168,"column":4}}},"7":{"name":"poolLength","line":173,"loc":{"start":{"line":173,"column":4},"end":{"line":175,"column":4}}},"8":{"name":"createPoolInfo","line":182,"loc":{"start":{"line":180,"column":4},"end":{"line":212,"column":4}}},"9":{"name":"updatePoolBaseInfo","line":217,"loc":{"start":{"line":217,"column":4},"end":{"line":223,"column":4}}},"10":{"name":"getPoolState","line":229,"loc":{"start":{"line":229,"column":4},"end":{"line":232,"column":4}}},"11":{"name":"depositLend","line":240,"loc":{"start":{"line":240,"column":4},"end":{"line":259,"column":4}}},"12":{"name":"refundLend","line":266,"loc":{"start":{"line":266,"column":4},"end":{"line":284,"column":4}}},"13":{"name":"claimLend","line":291,"loc":{"start":{"line":291,"column":4},"end":{"line":309,"column":4}}},"14":{"name":"withdrawLend","line":317,"loc":{"start":{"line":317,"column":4},"end":{"line":345,"column":4}}},"15":{"name":"emergencyLendWithdrawal","line":352,"loc":{"start":{"line":352,"column":4},"end":{"line":365,"column":4}}},"16":{"name":"depositBorrow","line":375,"loc":{"start":{"line":375,"column":4},"end":{"line":394,"column":4}}},"17":{"name":"refundBorrow","line":401,"loc":{"start":{"line":401,"column":4},"end":{"line":419,"column":4}}},"18":{"name":"claimBorrow","line":426,"loc":{"start":{"line":426,"column":4},"end":{"line":446,"column":4}}},"19":{"name":"withdrawBorrow","line":454,"loc":{"start":{"line":454,"column":4},"end":{"line":477,"column":4}}},"20":{"name":"emergencyBorrowWithdrawal","line":484,"loc":{"start":{"line":484,"column":4},"end":{"line":495,"column":4}}},"21":{"name":"checkoutSettle","line":501,"loc":{"start":{"line":501,"column":4},"end":{"line":503,"column":4}}},"22":{"name":"settle","line":509,"loc":{"start":{"line":509,"column":4},"end":{"line":538,"column":4}}},"23":{"name":"checkoutFinish","line":544,"loc":{"start":{"line":544,"column":4},"end":{"line":546,"column":4}}},"24":{"name":"finish","line":552,"loc":{"start":{"line":552,"column":4},"end":{"line":579,"column":4}}},"25":{"name":"checkoutLiquidate","line":586,"loc":{"start":{"line":586,"column":4},"end":{"line":596,"column":4}}},"26":{"name":"liquidate","line":602,"loc":{"start":{"line":602,"column":4},"end":{"line":628,"column":4}}},"27":{"name":"redeemFees","line":634,"loc":{"start":{"line":634,"column":4},"end":{"line":640,"column":4}}},"28":{"name":"_getSwapPath","line":647,"loc":{"start":{"line":647,"column":4},"end":{"line":652,"column":4}}},"29":{"name":"_getAmountIn","line":657,"loc":{"start":{"line":657,"column":4},"end":{"line":662,"column":4}}},"30":{"name":"_sellExactAmount","line":667,"loc":{"start":{"line":667,"column":4},"end":{"line":670,"column":4}}},"31":{"name":"_swap","line":675,"loc":{"start":{"line":675,"column":4},"end":{"line":694,"column":4}}},"32":{"name":"_safeApprove","line":699,"loc":{"start":{"line":699,"column":4},"end":{"line":702,"column":4}}},"33":{"name":"getUnderlyingPriceView","line":707,"loc":{"start":{"line":707,"column":4},"end":{"line":714,"column":4}}},"34":{"name":"setPause","line":719,"loc":{"start":{"line":719,"column":4},"end":{"line":721,"column":4}}},"35":{"name":"notPause","line":723,"loc":{"start":{"line":723,"column":4},"end":{"line":726,"column":4}}},"36":{"name":"timeDeadline","line":728,"loc":{"start":{"line":728,"column":4},"end":{"line":731,"column":4}}},"37":{"name":"timeBefore","line":733,"loc":{"start":{"line":733,"column":4},"end":{"line":736,"column":4}}},"38":{"name":"timeAfter","line":738,"loc":{"start":{"line":738,"column":4},"end":{"line":741,"column":4}}},"39":{"name":"stateMatch","line":744,"loc":{"start":{"line":744,"column":4},"end":{"line":747,"column":4}}},"40":{"name":"stateNotMatchUndone","line":749,"loc":{"start":{"line":749,"column":4},"end":{"line":752,"column":4}}},"41":{"name":"stateFinishLiquidation","line":754,"loc":{"start":{"line":754,"column":4},"end":{"line":757,"column":4}}},"42":{"name":"stateUndone","line":759,"loc":{"start":{"line":759,"column":4},"end":{"line":762,"column":4}}}},"statementMap":{"1":{"start":{"line":108,"column":8},"end":{"line":108,"column":56}},"2":{"start":{"line":109,"column":8},"end":{"line":109,"column":60}},"3":{"start":{"line":110,"column":8},"end":{"line":110,"column":60}},"4":{"start":{"line":129,"column":8},"end":{"line":129,"column":54}},"5":{"start":{"line":130,"column":8},"end":{"line":130,"column":116}},"6":{"start":{"line":131,"column":8},"end":{"line":131,"column":6074}},"7":{"start":{"line":133,"column":15},"end":{"line":133,"column":6151}},"8":{"start":{"line":135,"column":14},"end":{"line":135,"column":6231}},"9":{"start":{"line":137,"column":14},"end":{"line":137,"column":6308}},"10":{"start":{"line":150,"column":8},"end":{"line":150,"column":60}},"11":{"start":{"line":159,"column":8},"end":{"line":159,"column":60}},"12":{"start":{"line":174,"column":8},"end":{"line":174,"column":34}},"13":{"start":{"line":184,"column":8},"end":{"line":184,"column":84}},"14":{"start":{"line":185,"column":8},"end":{"line":185,"column":68}},"15":{"start":{"line":186,"column":8},"end":{"line":186,"column":68}},"16":{"start":{"line":188,"column":8},"end":{"line":188,"column":8110}},"17":{"start":{"line":204,"column":8},"end":{"line":204,"column":8694}},"18":{"start":{"line":219,"column":8},"end":{"line":219,"column":54}},"19":{"start":{"line":230,"column":8},"end":{"line":230,"column":54}},"20":{"start":{"line":231,"column":8},"end":{"line":231,"column":34}},"21":{"start":{"line":242,"column":8},"end":{"line":242,"column":54}},"22":{"start":{"line":243,"column":8},"end":{"line":243,"column":66}},"23":{"start":{"line":245,"column":8},"end":{"line":245,"column":116}},"24":{"start":{"line":246,"column":8},"end":{"line":246,"column":70}},"25":{"start":{"line":247,"column":8},"end":{"line":247,"column":71}},"26":{"start":{"line":251,"column":8},"end":{"line":251,"column":10658}},"27":{"start":{"line":258,"column":8},"end":{"line":258,"column":74}},"28":{"start":{"line":267,"column":8},"end":{"line":267,"column":54}},"29":{"start":{"line":268,"column":8},"end":{"line":268,"column":54}},"30":{"start":{"line":269,"column":8},"end":{"line":269,"column":66}},"31":{"start":{"line":271,"column":8},"end":{"line":271,"column":67}},"32":{"start":{"line":272,"column":8},"end":{"line":272,"column":88}},"33":{"start":{"line":273,"column":8},"end":{"line":273,"column":66}},"34":{"start":{"line":275,"column":8},"end":{"line":275,"column":85}},"35":{"start":{"line":277,"column":8},"end":{"line":277,"column":106}},"36":{"start":{"line":279,"column":8},"end":{"line":279,"column":54}},"37":{"start":{"line":283,"column":8},"end":{"line":283,"column":65}},"38":{"start":{"line":292,"column":8},"end":{"line":292,"column":54}},"39":{"start":{"line":293,"column":8},"end":{"line":293,"column":54}},"40":{"start":{"line":294,"column":8},"end":{"line":294,"column":66}},"41":{"start":{"line":296,"column":8},"end":{"line":296,"column":73}},"42":{"start":{"line":297,"column":8},"end":{"line":297,"column":61}},"43":{"start":{"line":299,"column":8},"end":{"line":299,"column":85}},"44":{"start":{"line":301,"column":8},"end":{"line":301,"column":53}},"45":{"start":{"line":303,"column":8},"end":{"line":303,"column":71}},"46":{"start":{"line":305,"column":8},"end":{"line":305,"column":45}},"47":{"start":{"line":308,"column":8},"end":{"line":308,"column":62}},"48":{"start":{"line":318,"column":8},"end":{"line":318,"column":54}},"49":{"start":{"line":319,"column":8},"end":{"line":319,"column":54}},"50":{"start":{"line":320,"column":8},"end":{"line":320,"column":70}},"51":{"start":{"line":322,"column":8},"end":{"line":322,"column":45}},"52":{"start":{"line":324,"column":8},"end":{"line":324,"column":53}},"53":{"start":{"line":326,"column":8},"end":{"line":326,"column":70}},"54":{"start":{"line":328,"column":8},"end":{"line":328,"column":14501}},"55":{"start":{"line":329,"column":12},"end":{"line":329,"column":86}},"56":{"start":{"line":331,"column":12},"end":{"line":331,"column":85}},"57":{"start":{"line":333,"column":13},"end":{"line":333,"column":59}},"58":{"start":{"line":334,"column":12},"end":{"line":334,"column":79}},"59":{"start":{"line":337,"column":8},"end":{"line":337,"column":14994}},"60":{"start":{"line":338,"column":12},"end":{"line":338,"column":91}},"61":{"start":{"line":340,"column":12},"end":{"line":340,"column":89}},"62":{"start":{"line":342,"column":13},"end":{"line":342,"column":59}},"63":{"start":{"line":343,"column":12},"end":{"line":343,"column":79}},"64":{"start":{"line":353,"column":8},"end":{"line":353,"column":54}},"65":{"start":{"line":354,"column":8},"end":{"line":354,"column":66}},"66":{"start":{"line":356,"column":8},"end":{"line":356,"column":66}},"67":{"start":{"line":358,"column":8},"end":{"line":358,"column":67}},"68":{"start":{"line":359,"column":8},"end":{"line":359,"column":65}},"69":{"start":{"line":361,"column":8},"end":{"line":361,"column":62}},"70":{"start":{"line":364,"column":8},"end":{"line":364,"column":86}},"71":{"start":{"line":377,"column":8},"end":{"line":377,"column":54}},"72":{"start":{"line":378,"column":8},"end":{"line":378,"column":72}},"73":{"start":{"line":380,"column":8},"end":{"line":380,"column":73}},"74":{"start":{"line":381,"column":8},"end":{"line":381,"column":67}},"75":{"start":{"line":386,"column":8},"end":{"line":386,"column":17187}},"76":{"start":{"line":393,"column":8},"end":{"line":393,"column":78}},"77":{"start":{"line":403,"column":8},"end":{"line":403,"column":54}},"78":{"start":{"line":404,"column":8},"end":{"line":404,"column":54}},"79":{"start":{"line":405,"column":8},"end":{"line":405,"column":72}},"80":{"start":{"line":407,"column":8},"end":{"line":407,"column":94}},"81":{"start":{"line":408,"column":8},"end":{"line":408,"column":71}},"82":{"start":{"line":409,"column":8},"end":{"line":409,"column":69}},"83":{"start":{"line":411,"column":8},"end":{"line":411,"column":89}},"84":{"start":{"line":412,"column":8},"end":{"line":412,"column":110}},"85":{"start":{"line":414,"column":8},"end":{"line":414,"column":56}},"86":{"start":{"line":418,"column":8},"end":{"line":418,"column":69}},"87":{"start":{"line":428,"column":8},"end":{"line":428,"column":54}},"88":{"start":{"line":429,"column":8},"end":{"line":429,"column":54}},"89":{"start":{"line":430,"column":8},"end":{"line":430,"column":72}},"90":{"start":{"line":432,"column":8},"end":{"line":432,"column":77}},"91":{"start":{"line":433,"column":8},"end":{"line":433,"column":65}},"92":{"start":{"line":435,"column":8},"end":{"line":435,"column":93}},"93":{"start":{"line":436,"column":8},"end":{"line":436,"column":89}},"94":{"start":{"line":437,"column":8},"end":{"line":437,"column":71}},"95":{"start":{"line":439,"column":8},"end":{"line":439,"column":45}},"96":{"start":{"line":441,"column":8},"end":{"line":441,"column":83}},"97":{"start":{"line":442,"column":8},"end":{"line":442,"column":54}},"98":{"start":{"line":445,"column":8},"end":{"line":445,"column":64}},"99":{"start":{"line":455,"column":8},"end":{"line":455,"column":54}},"100":{"start":{"line":456,"column":8},"end":{"line":456,"column":54}},"101":{"start":{"line":457,"column":8},"end":{"line":457,"column":72}},"102":{"start":{"line":459,"column":8},"end":{"line":459,"column":45}},"103":{"start":{"line":461,"column":8},"end":{"line":461,"column":93}},"104":{"start":{"line":462,"column":8},"end":{"line":462,"column":70}},"105":{"start":{"line":464,"column":8},"end":{"line":464,"column":21189}},"106":{"start":{"line":465,"column":12},"end":{"line":465,"column":88}},"107":{"start":{"line":466,"column":12},"end":{"line":466,"column":87}},"108":{"start":{"line":467,"column":12},"end":{"line":467,"column":60}},"109":{"start":{"line":468,"column":12},"end":{"line":468,"column":86}},"110":{"start":{"line":471,"column":8},"end":{"line":471,"column":21604}},"111":{"start":{"line":472,"column":12},"end":{"line":472,"column":93}},"112":{"start":{"line":473,"column":12},"end":{"line":473,"column":91}},"113":{"start":{"line":474,"column":12},"end":{"line":474,"column":60}},"114":{"start":{"line":475,"column":12},"end":{"line":475,"column":86}},"115":{"start":{"line":485,"column":8},"end":{"line":485,"column":54}},"116":{"start":{"line":486,"column":8},"end":{"line":486,"column":71}},"117":{"start":{"line":488,"column":8},"end":{"line":488,"column":72}},"118":{"start":{"line":489,"column":8},"end":{"line":489,"column":71}},"119":{"start":{"line":490,"column":8},"end":{"line":490,"column":69}},"120":{"start":{"line":492,"column":8},"end":{"line":492,"column":66}},"121":{"start":{"line":494,"column":8},"end":{"line":494,"column":92}},"122":{"start":{"line":502,"column":8},"end":{"line":502,"column":62}},"123":{"start":{"line":510,"column":8},"end":{"line":510,"column":54}},"124":{"start":{"line":511,"column":8},"end":{"line":511,"column":54}},"125":{"start":{"line":512,"column":8},"end":{"line":512,"column":95}},"126":{"start":{"line":513,"column":8},"end":{"line":513,"column":81}},"127":{"start":{"line":514,"column":8},"end":{"line":514,"column":23582}},"128":{"start":{"line":516,"column":12},"end":{"line":516,"column":66}},"129":{"start":{"line":518,"column":12},"end":{"line":518,"column":112}},"130":{"start":{"line":520,"column":12},"end":{"line":520,"column":84}},"131":{"start":{"line":521,"column":12},"end":{"line":521,"column":24070}},"132":{"start":{"line":545,"column":8},"end":{"line":545,"column":59}},"133":{"start":{"line":553,"column":8},"end":{"line":553,"column":54}},"134":{"start":{"line":554,"column":8},"end":{"line":554,"column":54}},"135":{"start":{"line":555,"column":8},"end":{"line":555,"column":90}},"136":{"start":{"line":556,"column":8},"end":{"line":556,"column":88}},"137":{"start":{"line":558,"column":8},"end":{"line":558,"column":77}},"138":{"start":{"line":560,"column":8},"end":{"line":560,"column":107}},"139":{"start":{"line":561,"column":8},"end":{"line":561,"column":86}},"140":{"start":{"line":562,"column":8},"end":{"line":562,"column":101}},"141":{"start":{"line":564,"column":8},"end":{"line":564,"column":70}},"142":{"start":{"line":565,"column":8},"end":{"line":565,"column":26127}},"143":{"start":{"line":566,"column":12},"end":{"line":566,"column":57}},"144":{"start":{"line":568,"column":12},"end":{"line":568,"column":56}},"145":{"start":{"line":574,"column":8},"end":{"line":574,"column":73}},"146":{"start":{"line":575,"column":8},"end":{"line":575,"column":87}},"147":{"start":{"line":587,"column":8},"end":{"line":587,"column":54}},"148":{"start":{"line":588,"column":8},"end":{"line":588,"column":54}},"149":{"start":{"line":590,"column":8},"end":{"line":590,"column":62}},"150":{"start":{"line":592,"column":8},"end":{"line":592,"column":118}},"151":{"start":{"line":594,"column":8},"end":{"line":594,"column":121}},"152":{"start":{"line":595,"column":8},"end":{"line":595,"column":46}},"153":{"start":{"line":603,"column":8},"end":{"line":603,"column":54}},"154":{"start":{"line":604,"column":8},"end":{"line":604,"column":54}},"155":{"start":{"line":605,"column":8},"end":{"line":605,"column":85}},"156":{"start":{"line":606,"column":8},"end":{"line":606,"column":91}},"157":{"start":{"line":608,"column":8},"end":{"line":608,"column":77}},"158":{"start":{"line":609,"column":8},"end":{"line":609,"column":107}},"159":{"start":{"line":611,"column":8},"end":{"line":611,"column":86}},"160":{"start":{"line":612,"column":8},"end":{"line":612,"column":101}},"161":{"start":{"line":614,"column":8},"end":{"line":614,"column":28519}},"162":{"start":{"line":615,"column":12},"end":{"line":615,"column":57}},"163":{"start":{"line":617,"column":12},"end":{"line":617,"column":56}},"164":{"start":{"line":623,"column":8},"end":{"line":623,"column":73}},"165":{"start":{"line":624,"column":8},"end":{"line":624,"column":91}},"166":{"start":{"line":635,"column":8},"end":{"line":635,"column":54}},"167":{"start":{"line":636,"column":8},"end":{"line":636,"column":29413}},"168":{"start":{"line":637,"column":12},"end":{"line":637,"column":41}},"169":{"start":{"line":639,"column":8},"end":{"line":639,"column":30}},"170":{"start":{"line":648,"column":8},"end":{"line":648,"column":69}},"171":{"start":{"line":658,"column":8},"end":{"line":658,"column":69}},"172":{"start":{"line":659,"column":8},"end":{"line":659,"column":70}},"173":{"start":{"line":660,"column":8},"end":{"line":660,"column":70}},"174":{"start":{"line":661,"column":8},"end":{"line":661,"column":25}},"175":{"start":{"line":668,"column":8},"end":{"line":668,"column":97}},"176":{"start":{"line":669,"column":8},"end":{"line":669,"column":71}},"177":{"start":{"line":676,"column":8},"end":{"line":676,"column":30930}},"178":{"start":{"line":677,"column":12},"end":{"line":677,"column":66}},"179":{"start":{"line":679,"column":8},"end":{"line":679,"column":31047}},"180":{"start":{"line":680,"column":12},"end":{"line":680,"column":66}},"181":{"start":{"line":682,"column":8},"end":{"line":682,"column":69}},"182":{"start":{"line":683,"column":8},"end":{"line":683,"column":71}},"183":{"start":{"line":684,"column":8},"end":{"line":684,"column":32}},"184":{"start":{"line":685,"column":8},"end":{"line":685,"column":31345}},"185":{"start":{"line":687,"column":14},"end":{"line":687,"column":31487}},"186":{"start":{"line":692,"column":8},"end":{"line":692,"column":69}},"187":{"start":{"line":693,"column":8},"end":{"line":693,"column":40}},"188":{"start":{"line":700,"column":8},"end":{"line":700,"column":101}},"189":{"start":{"line":701,"column":8},"end":{"line":701,"column":89}},"190":{"start":{"line":708,"column":8},"end":{"line":708,"column":54}},"191":{"start":{"line":709,"column":8},"end":{"line":709,"column":50}},"192":{"start":{"line":712,"column":8},"end":{"line":712,"column":57}},"193":{"start":{"line":713,"column":8},"end":{"line":713,"column":36}},"194":{"start":{"line":724,"column":8},"end":{"line":724,"column":65}},"195":{"start":{"line":729,"column":8},"end":{"line":729,"column":62}},"196":{"start":{"line":734,"column":8},"end":{"line":734,"column":86}},"197":{"start":{"line":739,"column":8},"end":{"line":739,"column":88}},"198":{"start":{"line":745,"column":8},"end":{"line":745,"column":103}},"199":{"start":{"line":750,"column":8},"end":{"line":750,"column":194}},"200":{"start":{"line":755,"column":8},"end":{"line":755,"column":141}},"201":{"start":{"line":760,"column":8},"end":{"line":760,"column":90}}},"branchMap":{"1":{"line":108,"type":"if","locations":[{"start":{"line":108,"column":8},"end":{"line":108,"column":8}},{"start":{"line":108,"column":8},"end":{"line":108,"column":8}}]},"2":{"line":109,"type":"if","locations":[{"start":{"line":109,"column":8},"end":{"line":109,"column":8}},{"start":{"line":109,"column":8},"end":{"line":109,"column":8}}]},"3":{"line":110,"type":"if","locations":[{"start":{"line":110,"column":8},"end":{"line":110,"column":8}},{"start":{"line":110,"column":8},"end":{"line":110,"column":8}}]},"4":{"line":123,"type":"if","locations":[{"start":{"line":123,"column":57},"end":{"line":123,"column":57}},{"start":{"line":123,"column":57},"end":{"line":123,"column":57}}]},"5":{"line":128,"type":"if","locations":[{"start":{"line":128,"column":56},"end":{"line":128,"column":56}},{"start":{"line":128,"column":56},"end":{"line":128,"column":56}}]},"6":{"line":130,"type":"if","locations":[{"start":{"line":130,"column":8},"end":{"line":130,"column":8}},{"start":{"line":130,"column":8},"end":{"line":130,"column":8}}]},"7":{"line":130,"type":"cond-expr","locations":[{"start":{"line":130,"column":16},"end":{"line":130,"column":26}},{"start":{"line":130,"column":31},"end":{"line":130,"column":41}}]},"8":{"line":130,"type":"cond-expr","locations":[{"start":{"line":130,"column":16},"end":{"line":130,"column":41}},{"start":{"line":130,"column":46},"end":{"line":130,"column":56}}]},"9":{"line":130,"type":"cond-expr","locations":[{"start":{"line":130,"column":16},"end":{"line":130,"column":56}},{"start":{"line":130,"column":61},"end":{"line":130,"column":71}}]},"10":{"line":130,"type":"cond-expr","locations":[{"start":{"line":130,"column":16},"end":{"line":130,"column":71}},{"start":{"line":130,"column":76},"end":{"line":130,"column":86}}]},"11":{"line":131,"type":"if","locations":[{"start":{"line":131,"column":8},"end":{"line":131,"column":8}},{"start":{"line":131,"column":8},"end":{"line":131,"column":8}}]},"12":{"line":133,"type":"if","locations":[{"start":{"line":133,"column":15},"end":{"line":133,"column":15}},{"start":{"line":133,"column":15},"end":{"line":133,"column":15}}]},"13":{"line":135,"type":"if","locations":[{"start":{"line":135,"column":14},"end":{"line":135,"column":14}},{"start":{"line":135,"column":14},"end":{"line":135,"column":14}}]},"14":{"line":137,"type":"if","locations":[{"start":{"line":137,"column":14},"end":{"line":137,"column":14}},{"start":{"line":137,"column":14},"end":{"line":137,"column":14}}]},"15":{"line":149,"type":"if","locations":[{"start":{"line":149,"column":55},"end":{"line":149,"column":55}},{"start":{"line":149,"column":55},"end":{"line":149,"column":55}}]},"16":{"line":150,"type":"if","locations":[{"start":{"line":150,"column":8},"end":{"line":150,"column":8}},{"start":{"line":150,"column":8},"end":{"line":150,"column":8}}]},"17":{"line":158,"type":"if","locations":[{"start":{"line":158,"column":56},"end":{"line":158,"column":56}},{"start":{"line":158,"column":56},"end":{"line":158,"column":56}}]},"18":{"line":159,"type":"if","locations":[{"start":{"line":159,"column":8},"end":{"line":159,"column":8}},{"start":{"line":159,"column":8},"end":{"line":159,"column":8}}]},"19":{"line":166,"type":"if","locations":[{"start":{"line":166,"column":46},"end":{"line":166,"column":46}},{"start":{"line":166,"column":46},"end":{"line":166,"column":46}}]},"20":{"line":182,"type":"if","locations":[{"start":{"line":182,"column":96},"end":{"line":182,"column":96}},{"start":{"line":182,"column":96},"end":{"line":182,"column":96}}]},"21":{"line":184,"type":"if","locations":[{"start":{"line":184,"column":8},"end":{"line":184,"column":8}},{"start":{"line":184,"column":8},"end":{"line":184,"column":8}}]},"22":{"line":185,"type":"if","locations":[{"start":{"line":185,"column":8},"end":{"line":185,"column":8}},{"start":{"line":185,"column":8},"end":{"line":185,"column":8}}]},"23":{"line":186,"type":"if","locations":[{"start":{"line":186,"column":8},"end":{"line":186,"column":8}},{"start":{"line":186,"column":8},"end":{"line":186,"column":8}}]},"24":{"line":217,"type":"if","locations":[{"start":{"line":217,"column":128},"end":{"line":217,"column":128}},{"start":{"line":217,"column":128},"end":{"line":217,"column":128}}]},"25":{"line":217,"type":"if","locations":[{"start":{"line":217,"column":138},"end":{"line":217,"column":138}},{"start":{"line":217,"column":138},"end":{"line":217,"column":138}}]},"26":{"line":240,"type":"if","locations":[{"start":{"line":240,"column":78},"end":{"line":240,"column":78}},{"start":{"line":240,"column":78},"end":{"line":240,"column":78}}]},"27":{"line":240,"type":"if","locations":[{"start":{"line":240,"column":91},"end":{"line":240,"column":91}},{"start":{"line":240,"column":91},"end":{"line":240,"column":91}}]},"28":{"line":240,"type":"if","locations":[{"start":{"line":240,"column":100},"end":{"line":240,"column":100}},{"start":{"line":240,"column":100},"end":{"line":240,"column":100}}]},"29":{"line":240,"type":"if","locations":[{"start":{"line":240,"column":117},"end":{"line":240,"column":117}},{"start":{"line":240,"column":117},"end":{"line":240,"column":117}}]},"30":{"line":245,"type":"if","locations":[{"start":{"line":245,"column":8},"end":{"line":245,"column":8}},{"start":{"line":245,"column":8},"end":{"line":245,"column":8}}]},"31":{"line":247,"type":"if","locations":[{"start":{"line":247,"column":8},"end":{"line":247,"column":8}},{"start":{"line":247,"column":8},"end":{"line":247,"column":8}}]},"32":{"line":251,"type":"if","locations":[{"start":{"line":251,"column":8},"end":{"line":251,"column":8}},{"start":{"line":251,"column":8},"end":{"line":251,"column":8}}]},"33":{"line":266,"type":"if","locations":[{"start":{"line":266,"column":47},"end":{"line":266,"column":47}},{"start":{"line":266,"column":47},"end":{"line":266,"column":47}}]},"34":{"line":266,"type":"if","locations":[{"start":{"line":266,"column":60},"end":{"line":266,"column":60}},{"start":{"line":266,"column":60},"end":{"line":266,"column":60}}]},"35":{"line":266,"type":"if","locations":[{"start":{"line":266,"column":69},"end":{"line":266,"column":69}},{"start":{"line":266,"column":69},"end":{"line":266,"column":69}}]},"36":{"line":266,"type":"if","locations":[{"start":{"line":266,"column":85},"end":{"line":266,"column":85}},{"start":{"line":266,"column":85},"end":{"line":266,"column":85}}]},"37":{"line":271,"type":"if","locations":[{"start":{"line":271,"column":8},"end":{"line":271,"column":8}},{"start":{"line":271,"column":8},"end":{"line":271,"column":8}}]},"38":{"line":272,"type":"if","locations":[{"start":{"line":272,"column":8},"end":{"line":272,"column":8}},{"start":{"line":272,"column":8},"end":{"line":272,"column":8}}]},"39":{"line":273,"type":"if","locations":[{"start":{"line":273,"column":8},"end":{"line":273,"column":8}},{"start":{"line":273,"column":8},"end":{"line":273,"column":8}}]},"40":{"line":291,"type":"if","locations":[{"start":{"line":291,"column":46},"end":{"line":291,"column":46}},{"start":{"line":291,"column":46},"end":{"line":291,"column":46}}]},"41":{"line":291,"type":"if","locations":[{"start":{"line":291,"column":59},"end":{"line":291,"column":59}},{"start":{"line":291,"column":59},"end":{"line":291,"column":59}}]},"42":{"line":291,"type":"if","locations":[{"start":{"line":291,"column":68},"end":{"line":291,"column":68}},{"start":{"line":291,"column":68},"end":{"line":291,"column":68}}]},"43":{"line":291,"type":"if","locations":[{"start":{"line":291,"column":84},"end":{"line":291,"column":84}},{"start":{"line":291,"column":84},"end":{"line":291,"column":84}}]},"44":{"line":296,"type":"if","locations":[{"start":{"line":296,"column":8},"end":{"line":296,"column":8}},{"start":{"line":296,"column":8},"end":{"line":296,"column":8}}]},"45":{"line":297,"type":"if","locations":[{"start":{"line":297,"column":8},"end":{"line":297,"column":8}},{"start":{"line":297,"column":8},"end":{"line":297,"column":8}}]},"46":{"line":317,"type":"if","locations":[{"start":{"line":317,"column":69},"end":{"line":317,"column":69}},{"start":{"line":317,"column":69},"end":{"line":317,"column":69}}]},"47":{"line":317,"type":"if","locations":[{"start":{"line":317,"column":82},"end":{"line":317,"column":82}},{"start":{"line":317,"column":82},"end":{"line":317,"column":82}}]},"48":{"line":317,"type":"if","locations":[{"start":{"line":317,"column":91},"end":{"line":317,"column":91}},{"start":{"line":317,"column":91},"end":{"line":317,"column":91}}]},"49":{"line":320,"type":"if","locations":[{"start":{"line":320,"column":8},"end":{"line":320,"column":8}},{"start":{"line":320,"column":8},"end":{"line":320,"column":8}}]},"50":{"line":328,"type":"if","locations":[{"start":{"line":328,"column":8},"end":{"line":328,"column":8}},{"start":{"line":328,"column":8},"end":{"line":328,"column":8}}]},"51":{"line":329,"type":"if","locations":[{"start":{"line":329,"column":12},"end":{"line":329,"column":12}},{"start":{"line":329,"column":12},"end":{"line":329,"column":12}}]},"52":{"line":337,"type":"if","locations":[{"start":{"line":337,"column":8},"end":{"line":337,"column":8}},{"start":{"line":337,"column":8},"end":{"line":337,"column":8}}]},"53":{"line":338,"type":"if","locations":[{"start":{"line":338,"column":12},"end":{"line":338,"column":12}},{"start":{"line":338,"column":12},"end":{"line":338,"column":12}}]},"54":{"line":352,"type":"if","locations":[{"start":{"line":352,"column":60},"end":{"line":352,"column":60}},{"start":{"line":352,"column":60},"end":{"line":352,"column":60}}]},"55":{"line":352,"type":"if","locations":[{"start":{"line":352,"column":73},"end":{"line":352,"column":73}},{"start":{"line":352,"column":73},"end":{"line":352,"column":73}}]},"56":{"line":352,"type":"if","locations":[{"start":{"line":352,"column":82},"end":{"line":352,"column":82}},{"start":{"line":352,"column":82},"end":{"line":352,"column":82}}]},"57":{"line":354,"type":"if","locations":[{"start":{"line":354,"column":8},"end":{"line":354,"column":8}},{"start":{"line":354,"column":8},"end":{"line":354,"column":8}}]},"58":{"line":358,"type":"if","locations":[{"start":{"line":358,"column":8},"end":{"line":358,"column":8}},{"start":{"line":358,"column":8},"end":{"line":358,"column":8}}]},"59":{"line":359,"type":"if","locations":[{"start":{"line":359,"column":8},"end":{"line":359,"column":8}},{"start":{"line":359,"column":8},"end":{"line":359,"column":8}}]},"60":{"line":375,"type":"if","locations":[{"start":{"line":375,"column":99},"end":{"line":375,"column":99}},{"start":{"line":375,"column":99},"end":{"line":375,"column":99}}]},"61":{"line":375,"type":"if","locations":[{"start":{"line":375,"column":112},"end":{"line":375,"column":112}},{"start":{"line":375,"column":112},"end":{"line":375,"column":112}}]},"62":{"line":375,"type":"if","locations":[{"start":{"line":375,"column":121},"end":{"line":375,"column":121}},{"start":{"line":375,"column":121},"end":{"line":375,"column":121}}]},"63":{"line":375,"type":"if","locations":[{"start":{"line":375,"column":138},"end":{"line":375,"column":138}},{"start":{"line":375,"column":138},"end":{"line":375,"column":138}}]},"64":{"line":375,"type":"if","locations":[{"start":{"line":375,"column":155},"end":{"line":375,"column":155}},{"start":{"l
[...]
8},"end":{"line":158,"column":8}},{"start":{"line":158,"column":8},"end":{"line":158,"column":8}}]},"2":{"line":159,"type":"if","locations":[{"start":{"line":159,"column":8},"end":{"line":159,"column":8}},{"start":{"line":159,"column":8},"end":{"line":159,"column":8}}]},"3":{"line":160,"type":"if","locations":[{"start":{"line":160,"column":8},"end":{"line":160,"column":8}},{"start":{"line":160,"column":8},"end":{"line":160,"column":8}}]},"4":{"line":173,"type":"if","locations":[{"start":{"line":173,"column":57},"end":{"line":173,"column":57}},{"start":{"line":173,"column":57},"end":{"line":173,"column":57}}]},"5":{"line":183,"type":"if","locations":[{"start":{"line":183,"column":55},"end":{"line":183,"column":55}},{"start":{"line":183,"column":55},"end":{"line":183,"column":55}}]},"6":{"line":184,"type":"if","locations":[{"start":{"line":184,"column":8},"end":{"line":184,"column":8}},{"start":{"line":184,"column":8},"end":{"line":184,"column":8}}]},"7":{"line":193,"type":"if","locations":[{"start":{"line":193,"column":56},"end":{"line":193,"column":56}},{"start":{"line":193,"column":56},"end":{"line":193,"column":56}}]},"8":{"line":194,"type":"if","locations":[{"start":{"line":194,"column":8},"end":{"line":194,"column":8}},{"start":{"line":194,"column":8},"end":{"line":194,"column":8}}]},"9":{"line":202,"type":"if","locations":[{"start":{"line":202,"column":46},"end":{"line":202,"column":46}},{"start":{"line":202,"column":46},"end":{"line":202,"column":46}}]},"10":{"line":221,"type":"if","locations":[{"start":{"line":221,"column":96},"end":{"line":221,"column":96}},{"start":{"line":221,"column":96},"end":{"line":221,"column":96}}]},"11":{"line":224,"type":"if","locations":[{"start":{"line":224,"column":8},"end":{"line":224,"column":8}},{"start":{"line":224,"column":8},"end":{"line":224,"column":8}}]},"12":{"line":226,"type":"if","locations":[{"start":{"line":226,"column":8},"end":{"line":226,"column":8}},{"start":{"line":226,"column":8},"end":{"line":226,"column":8}}]},"13":{"line":228,"type":"if","locations":[{"start":{"line":228,"column":8},"end":{"line":228,"column":8}},{"start":{"line":228,"column":8},"end":{"line":228,"column":8}}]},"14":{"line":271,"type":"if","locations":[{"start":{"line":271,"column":78},"end":{"line":271,"column":78}},{"start":{"line":271,"column":78},"end":{"line":271,"column":78}}]},"15":{"line":271,"type":"if","locations":[{"start":{"line":271,"column":91},"end":{"line":271,"column":91}},{"start":{"line":271,"column":91},"end":{"line":271,"column":91}}]},"16":{"line":271,"type":"if","locations":[{"start":{"line":271,"column":100},"end":{"line":271,"column":100}},{"start":{"line":271,"column":100},"end":{"line":271,"column":100}}]},"17":{"line":271,"type":"if","locations":[{"start":{"line":271,"column":117},"end":{"line":271,"column":117}},{"start":{"line":271,"column":117},"end":{"line":271,"column":117}}]},"18":{"line":276,"type":"if","locations":[{"start":{"line":276,"column":8},"end":{"line":276,"column":8}},{"start":{"line":276,"column":8},"end":{"line":276,"column":8}}]},"19":{"line":278,"type":"if","locations":[{"start":{"line":278,"column":8},"end":{"line":278,"column":8}},{"start":{"line":278,"column":8},"end":{"line":278,"column":8}}]},"20":{"line":282,"type":"if","locations":[{"start":{"line":282,"column":8},"end":{"line":282,"column":8}},{"start":{"line":282,"column":8},"end":{"line":282,"column":8}}]},"21":{"line":297,"type":"if","locations":[{"start":{"line":297,"column":47},"end":{"line":297,"column":47}},{"start":{"line":297,"column":47},"end":{"line":297,"column":47}}]},"22":{"line":297,"type":"if","locations":[{"start":{"line":297,"column":60},"end":{"line":297,"column":60}},{"start":{"line":297,"column":60},"end":{"line":297,"column":60}}]},"23":{"line":297,"type":"if","locations":[{"start":{"line":297,"column":69},"end":{"line":297,"column":69}},{"start":{"line":297,"column":69},"end":{"line":297,"column":69}}]},"24":{"line":297,"type":"if","locations":[{"start":{"line":297,"column":85},"end":{"line":297,"column":85}},{"start":{"line":297,"column":85},"end":{"line":297,"column":85}}]},"25":{"line":302,"type":"if","locations":[{"start":{"line":302,"column":8},"end":{"line":302,"column":8}},{"start":{"line":302,"column":8},"end":{"line":302,"column":8}}]},"26":{"line":303,"type":"if","locations":[{"start":{"line":303,"column":8},"end":{"line":303,"column":8}},{"start":{"line":303,"column":8},"end":{"line":303,"column":8}}]},"27":{"line":304,"type":"if","locations":[{"start":{"line":304,"column":8},"end":{"line":304,"column":8}},{"start":{"line":304,"column":8},"end":{"line":304,"column":8}}]},"28":{"line":326,"type":"if","locations":[{"start":{"line":326,"column":46},"end":{"line":326,"column":46}},{"start":{"line":326,"column":46},"end":{"line":326,"column":46}}]},"29":{"line":326,"type":"if","locations":[{"start":{"line":326,"column":59},"end":{"line":326,"column":59}},{"start":{"line":326,"column":59},"end":{"line":326,"column":59}}]},"30":{"line":326,"type":"if","locations":[{"start":{"line":326,"column":68},"end":{"line":326,"column":68}},{"start":{"line":326,"column":68},"end":{"line":326,"column":68}}]},"31":{"line":326,"type":"if","locations":[{"start":{"line":326,"column":84},"end":{"line":326,"column":84}},{"start":{"line":326,"column":84},"end":{"line":326,"column":84}}]},"32":{"line":331,"type":"if","locations":[{"start":{"line":331,"column":8},"end":{"line":331,"column":8}},{"start":{"line":331,"column":8},"end":{"line":331,"column":8}}]},"33":{"line":332,"type":"if","locations":[{"start":{"line":332,"column":8},"end":{"line":332,"column":8}},{"start":{"line":332,"column":8},"end":{"line":332,"column":8}}]},"34":{"line":352,"type":"if","locations":[{"start":{"line":352,"column":69},"end":{"line":352,"column":69}},{"start":{"line":352,"column":69},"end":{"line":352,"column":69}}]},"35":{"line":352,"type":"if","locations":[{"start":{"line":352,"column":82},"end":{"line":352,"column":82}},{"start":{"line":352,"column":82},"end":{"line":352,"column":82}}]},"36":{"line":352,"type":"if","locations":[{"start":{"line":352,"column":91},"end":{"line":352,"column":91}},{"start":{"line":352,"column":91},"end":{"line":352,"column":91}}]},"37":{"line":355,"type":"if","locations":[{"start":{"line":355,"column":8},"end":{"line":355,"column":8}},{"start":{"line":355,"column":8},"end":{"line":355,"column":8}}]},"38":{"line":363,"type":"if","locations":[{"start":{"line":363,"column":8},"end":{"line":363,"column":8}},{"start":{"line":363,"column":8},"end":{"line":363,"column":8}}]},"39":{"line":364,"type":"if","locations":[{"start":{"line":364,"column":12},"end":{"line":364,"column":12}},{"start":{"line":364,"column":12},"end":{"line":364,"column":12}}]},"40":{"line":372,"type":"if","locations":[{"start":{"line":372,"column":8},"end":{"line":372,"column":8}},{"start":{"line":372,"column":8},"end":{"line":372,"column":8}}]},"41":{"line":373,"type":"if","locations":[{"start":{"line":373,"column":12},"end":{"line":373,"column":12}},{"start":{"line":373,"column":12},"end":{"line":373,"column":12}}]},"42":{"line":387,"type":"if","locations":[{"start":{"line":387,"column":60},"end":{"line":387,"column":60}},{"start":{"line":387,"column":60},"end":{"line":387,"column":60}}]},"43":{"line":387,"type":"if","locations":[{"start":{"line":387,"column":73},"end":{"line":387,"column":73}},{"start":{"line":387,"column":73},"end":{"line":387,"column":73}}]},"44":{"line":387,"type":"if","locations":[{"start":{"line":387,"column":82},"end":{"line":387,"column":82}},{"start":{"line":387,"column":82},"end":{"line":387,"column":82}}]},"45":{"line":389,"type":"if","locations":[{"start":{"line":389,"column":8},"end":{"line":389,"column":8}},{"start":{"line":389,"column":8},"end":{"line":389,"column":8}}]},"46":{"line":393,"type":"if","locations":[{"start":{"line":393,"column":8},"end":{"line":393,"column":8}},{"start":{"line":393,"column":8},"end":{"line":393,"column":8}}]},"47":{"line":394,"type":"if","locations":[{"start":{"line":394,"column":8},"end":{"line":394,"column":8}},{"start":{"line":394,"column":8},"end":{"line":394,"column":8}}]},"48":{"line":409,"type":"if","locations":[{"start":{"line":409,"column":81},"end":{"line":409,"column":81}},{"start":{"line":409,"column":81},"end":{"line":409,"column":81}}]},"49":{"line":409,"type":"if","locations":[{"start":{"line":409,"column":94},"end":{"line":409,"column":94}},{"start":{"line":409,"column":94},"end":{"line":409,"column":94}}]},"50":{"line":409,"type":"if","locations":[{"start":{"line":409,"column":103},"end":{"line":409,"column":103}},{"start":{"line":409,"column":103},"end":{"line":409,"column":103}}]},"51":{"line":409,"type":"if","locations":[{"start":{"line":409,"column":120},"end":{"line":409,"column":120}},{"start":{"line":409,"column":120},"end":{"line":409,"column":120}}]},"52":{"line":415,"type":"if","locations":[{"start":{"line":415,"column":8},"end":{"line":415,"column":8}},{"start":{"line":415,"column":8},"end":{"line":415,"column":8}}]},"53":{"line":420,"type":"if","locations":[{"start":{"line":420,"column":8},"end":{"line":420,"column":8}},{"start":{"line":420,"column":8},"end":{"line":420,"column":8}}]},"54":{"line":435,"type":"if","locations":[{"start":{"line":435,"column":49},"end":{"line":435,"column":49}},{"start":{"line":435,"column":49},"end":{"line":435,"column":49}}]},"55":{"line":435,"type":"if","locations":[{"start":{"line":435,"column":62},"end":{"line":435,"column":62}},{"start":{"line":435,"column":62},"end":{"line":435,"column":62}}]},"56":{"line":435,"type":"if","locations":[{"start":{"line":435,"column":71},"end":{"line":435,"column":71}},{"start":{"line":435,"column":71},"end":{"line":435,"column":71}}]},"57":{"line":435,"type":"if","locations":[{"start":{"line":435,"column":87},"end":{"line":435,"column":87}},{"start":{"line":435,"column":87},"end":{"line":435,"column":87}}]},"58":{"line":441,"type":"if","locations":[{"start":{"line":441,"column":8},"end":{"line":441,"column":8}},{"start":{"line":441,"column":8},"end":{"line":441,"column":8}}]},"59":{"line":442,"type":"if","locations":[{"start":{"line":442,"column":8},"end":{"line":442,"column":8}},{"start":{"line":442,"column":8},"end":{"line":442,"column":8}}]},"60":{"line":443,"type":"if","locations":[{"start":{"line":443,"column":8},"end":{"line":443,"column":8}},{"start":{"line":443,"column":8},"end":{"line":443,"column":8}}]},"61":{"line":460,"type":"if","locations":[{"start":{"line":460,"column":48},"end":{"line":460,"column":48}},{"start":{"line":460,"column":48},"end":{"line":460,"column":48}}]},"62":{"line":460,"type":"if","locations":[{"start":{"line":460,"column":61},"end":{"line":460,"column":61}},{"start":{"line":460,"column":61},"end":{"line":460,"column":61}}]},"63":{"line":460,"type":"if","locations":[{"start":{"line":460,"column":70},"end":{"line":460,"column":70}},{"start":{"line":460,"column":70},"end":{"line":460,"column":70}}]},"64":{"line":460,"type":"if","locations":[{"start":{"line":460,"column":86},"end":{"line":460,"column":86}},{"start":{"line":460,"column":86},"end":{"line":460,"column":86}}]},"65":{"line":466,"type":"if","locations":[{"start":{"line":466,"column":8},"end":{"line":466,"column":8}},{"start":{"line":466,"column":8},"end":{"line":466,"column":8}}]},"66":{"line":467,"type":"if","locations":[{"start":{"line":467,"column":8},"end":{"line":467,"column":8}},{"start":{"line":467,"column":8},"end":{"line":467,"column":8}}]},"67":{"line":487,"type":"if","locations":[{"start":{"line":487,"column":71},"end":{"line":487,"column":71}},{"start":{"line":487,"column":71},"end":{"line":487,"column":71}}]},"68":{"line":487,"type":"if","locations":[{"start":{"line":487,"column":84},"end":{"line":487,"column":84}},{"start":{"line":487,"column":84},"end":{"line":487,"column":84}}]},"69":{"line":487,"type":"if","locations":[{"start":{"line":487,"column":93},"end":{"line":487,"column":93}},{"start":{"line":487,"column":93},"end":{"line":487,"column":93}}]},"70":{"line":492,"type":"if","locations":[{"start":{"line":492,"column":8},"end":{"line":492,"column":8}},{"start":{"line":492,"column":8},"end":{"line":492,"column":8}}]},"71":{"line":499,"type":"if","locations":[{"start":{"line":499,"column":8},"end":{"line":499,"column":8}},{"start":{"line":499,"column":8},"end":{"line":499,"column":8}}]},"72":{"line":501,"type":"if","locations":[{"start":{"line":501,"column":12},"end":{"line":501,"column":12}},{"start":{"line":501,"column":12},"end":{"line":501,"column":12}}]},"73":{"line":507,"type":"if","locations":[{"start":{"line":507,"column":8},"end":{"line":507,"column":8}},{"start":{"line":507,"column":8},"end":{"line":507,"column":8}}]},"74":{"line":509,"type":"if","locations":[{"start":{"line":509,"column":12},"end":{"line":509,"column":12}},{"start":{"line":509,"column":12},"end":{"line":509,"column":12}}]},"75":{"line":520,"type":"if","locations":[{"start":{"line":520,"column":62},"end":{"line":520,"column":62}},{"start":{"line":520,"column":62},"end":{"line":520,"column":62}}]},"76":{"line":520,"type":"if","locations":[{"start":{"line":520,"column":75},"end":{"line":520,"column":75}},{"start":{"line":520,"column":75},"end":{"line":520,"column":75}}]},"77":{"line":520,"type":"if","locations":[{"start":{"line":520,"column":84},"end":{"line":520,"column":84}},{"start":{"line":520,"column":84},"end":{"line":520,"column":84}}]},"78":{"line":524,"type":"if","locations":[{"start":{"line":524,"column":8},"end":{"line":524,"column":8}},{"start":{"line":524,"column":8},"end":{"line":524,"column":8}}]},"79":{"line":528,"type":"if","locations":[{"start":{"line":528,"column":8},"end":{"line":528,"column":8}},{"start":{"line":528,"column":8},"end":{"line":528,"column":8}}]},"80":{"line":530,"type":"if","locations":[{"start":{"line":530,"column":8},"end":{"line":530,"column":8}},{"start":{"line":530,"column":8},"end":{"line":530,"column":8}}]},"81":{"line":552,"type":"if","locations":[{"start":{"line":552,"column":41},"end":{"line":552,"column":41}},{"start":{"line":552,"column":41},"end":{"line":552,"column":41}}]},"82":{"line":558,"type":"if","locations":[{"start":{"line":558,"column":8},"end":{"line":558,"column":8}},{"start":{"line":558,"column":8},"end":{"line":558,"column":8}}]},"83":{"line":560,"type":"if","locations":[{"start":{"line":560,"column":8},"end":{"line":560,"column":8}},{"start":{"line":560,"column":8},"end":{"line":560,"column":8}}]},"84":{"line":561,"type":"if","locations":[{"start":{"line":561,"column":8},"end":{"line":561,"column":8}},{"start":{"line":561,"column":8},"end":{"line":561,"column":8}}]},"85":{"line":577,"type":"if","locations":[{"start":{"line":577,"column":12},"end":{"line":577,"column":12}},{"start":{"line":577,"column":12},"end":{"line":577,"column":12}}]},"86":{"line":620,"type":"if","locations":[{"start":{"line":620,"column":41},"end":{"line":620,"column":41}},{"start":{"line":620,"column":41},"end":{"line":620,"column":41}}]},"87":{"line":626,"type":"if","locations":[{"start":{"line":626,"column":8},"end":{"line":626,"column":8}},{"start":{"line":626,"column":8},"end":{"line":626,"column":8}}]},"88":{"line":628,"type":"if","locations":[{"start":{"line":628,"column":8},"end":{"line":628,"column":8}},{"start":{"line":628,"column":8},"end":{"line":628,"column":8}}]},"89":{"line":657,"type":"if","locations":[{"start":{"line":657,"column":8},"end":{"line":657,"column":8}},{"start":{"line":657,"column":8},"end":{"line":657,"column":8}}]},"90":{"line":660,"type":"if","locations":[{"start":{"line":660,"column":8},"end":{"line":660,"column":8}},{"start":{"line":660,"column":8},"end":{"line":660,"column":8}}]},"91":{"line":706,"type":"if","locations":[{"start":{"line":706,"column":44},"end":{"line":706,"column":44}},{"start":{"line":706,"column":44},"end":{"line":706,"column":44}}]},"92":{"line":709,"type":"if","locations":[{"start":{"line":709,"column":8},"end":{"line":709,"column":8}},{"start":{"line":709,"column":8},"end":{"line":709,"column":8}}]},"93":{"line":710,"type":"if","locations":[{"start":{"line":710,"column":8},"end":{"line":710,"column":8}},{"start":{"line":710,"column":8},"end":{"line":710,"column":8}}]},"94":{"line":724,"type":"if","locations":[{"start":{"line":724,"column":8},"end":{"line":724,"column":8}},{"start":{"line":724,"column":8},"end":{"line":724,"column":8}}]},"95":{"line":750,"type":"if","locations":[{"start":{"line":750,"column":8},"end":{"line":750,"column":8}},{"start":{"line":750,"column":8},"end":{"line":750,"column":8}}]},"96":{"line":766,"type":"if","locations":[{"start":{"line":766,"column":41},"end":{"line":766,"column":55}},{"start":{"line":766,"column":59},"end":{"line":766,"column":64}}]},"97":{"line":767,"type":"if","locations":[{"start":{"line":767,"column":41},"end":{"line":767,"column":55}},{"start":{"line":767,"column":59},"end":{"line":767,"column":64}}]},"98":{"line":785,"type":"if","locations":[{"start":{"line":785,"column":45},"end":{"line":785,"column":92}},{"start":{"line":785,"column":96},"end":{"line":785,"column":96}}]},"99":{"line":799,"type":"if","locations":[{"start":{"line":799,"column":8},"end":{"line":799,"column":8}},{"start":{"line":799,"column":8},"end":{"line":799,"column":8}}]},"100":{"line":803,"type":"if","locations":[{"start":{"line":803,"column":8},"end":{"line":803,"column":8}},{"start":{"line":803,"column":8},"end":{"line":803,"column":8}}]},"101":{"line":812,"type":"if","locations":[{"start":{"line":812,"column":8},"end":{"line":812,"column":8}},{"start":{"line":812,"column":8},"end":{"line":812,"column":8}}]},"102":{"line":815,"type":"if","locations":[{"start":{"line":815,"column":14},"end":{"line":815,"column":14}},{"start":{"line":815,"column":14},"end":{"line":815,"column":14}}]},"103":{"line":837,"type":"if","locations":[{"start":{"line":837,"column":8},"end":{"line":837,"column":8}},{"start":{"line":837,"column":8},"end":{"line":837,"column":8}}]},"104":{"line":837,"type":"cond-expr","locations":[{"start":{"line":837,"column":28},"end":{"line":837,"column":43}},{"start":{"line":837,"column":48},"end":{"line":837,"column":71}}]},"105":{"line":860,"type":"if","locations":[{"start":{"line":860,"column":31},"end":{"line":860,"column":31}},{"start":{"line":860,"column":31},"end":{"line":860,"column":31}}]},"106":{"line":865,"type":"if","locations":[{"start":{"line":865,"column":8},"end":{"line":865,"column":8}},{"start":{"line":865,"column":8},"end":{"line":865,"column":8}}]},"107":{"line":871,"type":"if","locations":[{"start":{"line":871,"column":8},"end":{"line":871,"column":8}},{"start":{"line":871,"column":8},"end":{"line":871,"column":8}}]},"108":{"line":876,"type":"if","locations":[{"start":{"line":876,"column":8},"end":{"line":876,"column":8}},{"start":{"line":876,"column":8},"end":{"line":876,"column":8}}]},"109":{"line":882,"type":"if","locations":[{"start":{"line":882,"column":8},"end":{"line":882,"column":8}},{"start":{"line":882,"column":8},"end":{"line":882,"column":8}}]},"110":{"line":887,"type":"if","locations":[{"start":{"line":887,"column":8},"end":{"line":887,"column":8}},{"start":{"line":887,"column":8},"end":{"line":887,"column":8}}]},"111":{"line":887,"type":"cond-expr","locations":[{"start":{"line":887,"column":16},"end":{"line":887,"column":62}},{"start":{"line":887,"column":67},"end":{"line":887,"column":110}}]},"112":{"line":887,"type":"cond-expr","locations":[{"start":{"line":887,"column":16},"end":{"line":887,"column":110}},{"start":{"line":887,"column":115},"end":{"line":887,"column":163}}]},"113":{"line":892,"type":"if","locations":[{"start":{"line":892,"column":8},"end":{"line":892,"column":8}},{"start":{"line":892,"column":8},"end":{"line":892,"column":8}}]},"114":{"line":892,"type":"cond-expr","locations":[{"start":{"line":892,"column":16},"end":{"line":892,"column":59}},{"start":{"line":892,"column":64},"end":{"line":892,"column":112}}]},"115":{"line":897,"type":"if","locations":[{"start":{"line":897,"column":8},"end":{"line":897,"column":8}},{"start":{"line":897,"column":8},"end":{"line":897,"column":8}}]}}}}
