TN:
SF:D:\1web3\Web3-Pledge\pledgev2\contracts\interface\ERC20Interface.sol
FNF:0
FNH:0
LF:0
LH:0
BRF:0
BRH:0
end_of_record
TN:
SF:D:\1web3\Web3-Pledge\pledgev2\contracts\interface\IBscPledgeOracle.sol
FNF:0
FNH:0
LF:0
LH:0
BRF:0
BRH:0
end_of_record
TN:
SF:D:\1web3\Web3-Pledge\pledgev2\contracts\interface\IDebtToken.sol
FNF:0
FNH:0
LF:0
LH:0
BRF:0
BRH:0
end_of_record
TN:
SF:D:\1web3\Web3-Pledge\pledgev2\contracts\interface\IERC20.sol
FNF:0
FNH:0
LF:0
LH:0
BRF:0
BRH:0
end_of_record
TN:
SF:D:\1web3\Web3-Pledge\pledgev2\contracts\interface\IUniswapV2Router02.sol
FNF:0
FNH:0
LF:0
LH:0
BRF:0
BRH:0
end_of_record
TN:
SF:D:\1web3\Web3-Pledge\pledgev2\contracts\library\Address.sol
FN:26,isContract
FN:53,sendValue
FN:79,functionCall
FN:89,functionCall
FN:104,functionCallWithValue
FN:114,functionCallWithValue
FN:129,functionStaticCall
FN:139,functionStaticCall
FN:153,functionDelegateCall
FN:163,functionDelegateCall
FN:171,_verifyCallResult
FNF:11
FNH:4
FNDA:10,isContract
FNDA:0,sendValue
FNDA:0,functionCall
FNDA:10,functionCall
FNDA:0,functionCallWithValue
FNDA:10,functionCallWithValue
FNDA:0,functionStaticCall
FNDA:0,functionStaticCall
FNDA:0,functionDelegateCall
FNDA:0,functionDelegateCall
FNDA:10,_verifyCallResult
DA:31,10
DA:33,10
DA:34,10
DA:54,0
DA:57,0
DA:58,0
DA:80,0
DA:90,10
DA:105,0
DA:115,10
DA:116,10
DA:119,10
DA:120,10
DA:130,0
DA:140,0
DA:143,0
DA:144,0
DA:154,0
DA:164,0
DA:167,0
DA:168,0
DA:172,10
DA:173,10
DA:176,0
DA:180,0
DA:185,0
LF:26
LH:10
BRDA:54,1,0,0
BRDA:54,1,1,0
BRDA:58,2,0,0
BRDA:58,2,1,0
BRDA:115,3,0,10
BRDA:115,3,1,0
BRDA:116,4,0,10
BRDA:116,4,1,0
BRDA:140,5,0,0
BRDA:140,5,1,0
BRDA:164,6,0,0
BRDA:164,6,1,0
BRDA:172,7,0,10
BRDA:172,7,1,0
BRDA:176,8,0,0
BRDA:176,8,1,0
BRF:16
BRH:3
end_of_record
TN:
SF:D:\1web3\Web3-Pledge\pledgev2\contracts\library\SafeErc20.sol
FN:24,safeTransfer
FN:28,safeTransferFrom
FN:39,safeApprove
FN:50,safeIncreaseAllowance
FN:55,safeDecreaseAllowance
FN:66,_callOptionalReturn
FNF:6
FNH:2
FNDA:0,safeTransfer
FNDA:10,safeTransferFrom
FNDA:0,safeApprove
FNDA:0,safeIncreaseAllowance
FNDA:0,safeDecreaseAllowance
FNDA:10,_callOptionalReturn
DA:25,0
DA:29,10
DA:44,0
DA:47,0
DA:51,0
DA:52,0
DA:56,0
DA:57,0
DA:71,10
DA:72,10
DA:74,10
LF:11
LH:4
BRDA:44,1,0,0
BRDA:44,1,1,0
BRDA:44,2,0,0
BRDA:44,2,1,0
BRDA:72,3,0,10
BRDA:72,3,1,0
BRDA:74,4,0,10
BRDA:74,4,1,0
BRF:8
BRH:2
end_of_record
TN:
SF:D:\1web3\Web3-Pledge\pledgev2\contracts\library\SafeMath.sol
FN:28,add
FN:44,sub
FN:59,sub
FN:75,mul
FN:100,div
FN:117,div
FN:137,mod
FN:154,mod
FNF:8
FNH:3
FNDA:18,add
FNDA:10,sub
FNDA:10,sub
FNDA:0,mul
FNDA:0,div
FNDA:0,div
FNDA:0,mod
FNDA:0,mod
DA:29,18
DA:30,18
DA:32,18
DA:45,10
DA:60,10
DA:61,10
DA:63,10
DA:79,0
DA:80,0
DA:83,0
DA:84,0
DA:86,0
DA:101,0
DA:119,0
DA:120,0
DA:123,0
DA:138,0
DA:155,0
DA:156,0
LF:19
LH:7
BRDA:30,1,0,18
BRDA:30,1,1,0
BRDA:60,2,0,10
BRDA:60,2,1,0
BRDA:79,3,0,0
BRDA:79,3,1,0
BRDA:84,4,0,0
BRDA:84,4,1,0
BRDA:119,5,0,0
BRDA:119,5,1,0
BRDA:155,6,0,0
BRDA:155,6,1,0
BRF:12
BRH:2
end_of_record
TN:
SF:D:\1web3\Web3-Pledge\pledgev2\contracts\library\SafeToken.sol
FN:9,myBalance
FN:13,balanceOf
FN:17,safeApprove
FN:23,safeTransfer
FN:29,safeTransferFrom
FNF:5
FNH:0
FNDA:0,myBalance
FNDA:0,balanceOf
FNDA:0,safeApprove
FNDA:0,safeTransfer
FNDA:0,safeTransferFrom
DA:10,0
DA:14,0
DA:19,0
DA:20,0
DA:25,0
DA:26,0
DA:31,0
DA:32,0
LF:8
LH:0
BRDA:20,1,0,0
BRDA:20,1,1,0
BRDA:20,2,0,0
BRDA:20,2,1,0
BRDA:26,3,0,0
BRDA:26,3,1,0
BRDA:26,4,0,0
BRDA:26,4,1,0
BRDA:32,5,0,0
BRDA:32,5,1,0
BRDA:32,6,0,0
BRDA:32,6,1,0
BRF:12
BRH:0
end_of_record
TN:
SF:D:\1web3\Web3-Pledge\pledgev2\contracts\library\SafeTransfer.sol
FN:20,getPayableAmount
FN:36,_redeem
FNF:2
FNH:1
FNDA:10,getPayableAmount
FNDA:0,_redeem
DA:21,10
DA:22,0
DA:24,10
DA:25,10
DA:27,10
DA:37,0
DA:38,0
DA:40,0
DA:41,0
DA:43,0
LF:10
LH:4
BRDA:21,1,0,0
BRDA:21,1,1,10
BRDA:23,2,0,10
BRDA:23,2,1,0
BRDA:37,3,0,0
BRDA:37,3,1,0
BRF:6
BRH:2
end_of_record
TN:
SF:D:\1web3\Web3-Pledge\pledgev2\contracts\mock\BTC.sol
FN:111,constructor
FN:113,_msgSender
FN:117,_msgData
FN:146,add
FN:162,sub
FN:175,sub
FN:191,mul
FN:216,div
FN:231,div
FN:251,mod
FN:266,mod
FN:292,constructor
FN:301,owner
FN:308,onlyOwner
FN:320,renounceOwnership
FN:329,transferOwnership
FN:336,_transferOwnership
FN:355,constructor
FN:368,getOwner
FN:375,decimals
FN:382,symbol
FN:389,name
FN:396,totalSupply
FN:403,balanceOf
FN:415,transfer
FN:423,allowance
FN:434,approve
FN:451,transferFrom
FN:469,increaseAllowance
FN:488,decreaseAllowance
FN:501,mint
FN:509,burn
FN:528,_transfer
FN:546,_mint
FN:565,_burn
FN:586,_approve
FN:600,_burnFrom
FNF:37
FNH:13
FNDA:75,constructor
FNDA:152,_msgSender
FNDA:0,_msgData
FNDA:75,add
FNDA:0,sub
FNDA:25,sub
FNDA:0,mul
FNDA:0,div
FNDA:0,div
FNDA:0,mod
FNDA:0,mod
FNDA:75,constructor
FNDA:0,owner
FNDA:25,onlyOwner
FNDA:0,renounceOwnership
FNDA:0,transferOwnership
FNDA:0,_transferOwnership
FNDA:75,constructor
FNDA:0,getOwner
FNDA:0,decimals
FNDA:0,symbol
FNDA:0,name
FNDA:0,totalSupply
FNDA:0,balanceOf
FNDA:25,transfer
FNDA:0,allowance
FNDA:2,approve
FNDA:0,transferFrom
FNDA:0,increaseAllowance
FNDA:0,decreaseAllowance
FNDA:25,mint
FNDA:0,burn
FNDA:25,_transfer
FNDA:25,_mint
FNDA:0,_burn
FNDA:2,_approve
FNDA:0,_burnFrom
DA:114,152
DA:118,0
DA:119,0
DA:147,75
DA:148,75
DA:150,75
DA:163,0
DA:176,25
DA:177,25
DA:179,25
DA:195,0
DA:196,0
DA:199,0
DA:200,0
DA:202,0
DA:217,0
DA:233,0
DA:234,0
DA:237,0
DA:252,0
DA:267,0
DA:268,0
DA:293,75
DA:294,75
DA:295,75
DA:302,0
DA:309,25
DA:310,25
DA:321,0
DA:322,0
DA:330,0
DA:337,0
DA:338,0
DA:339,0
DA:356,75
DA:357,75
DA:358,75
DA:359,75
DA:360,75
DA:362,75
DA:369,0
DA:376,0
DA:383,0
DA:390,0
DA:397,0
DA:404,0
DA:416,25
DA:417,25
DA:424,0
DA:435,2
DA:436,2
DA:452,0
DA:453,0
DA:454,0
DA:470,0
DA:471,0
DA:489,0
DA:490,0
DA:502,25
DA:503,25
DA:510,0
DA:511,0
DA:529,25
DA:530,25
DA:532,25
DA:533,25
DA:534,25
DA:547,25
DA:549,25
DA:550,25
DA:551,25
DA:566,0
DA:568,0
DA:569,0
DA:570,0
DA:587,2
DA:588,2
DA:590,2
DA:591,2
DA:601,0
DA:602,0
LF:81
LH:37
BRDA:148,1,0,75
BRDA:148,1,1,0
BRDA:176,2,0,25
BRDA:176,2,1,0
BRDA:195,3,0,0
BRDA:195,3,1,0
BRDA:200,4,0,0
BRDA:200,4,1,0
BRDA:233,5,0,0
BRDA:233,5,1,0
BRDA:267,6,0,0
BRDA:267,6,1,0
BRDA:309,7,0,25
BRDA:309,7,1,0
BRDA:320,8,0,0
BRDA:320,8,1,0
BRDA:329,9,0,0
BRDA:329,9,1,0
BRDA:337,10,0,0
BRDA:337,10,1,0
BRDA:501,11,0,25
BRDA:501,11,1,0
BRDA:529,12,0,25
BRDA:529,12,1,0
BRDA:530,13,0,25
BRDA:530,13,1,0
BRDA:547,14,0,25
BRDA:547,14,1,0
BRDA:566,15,0,0
BRDA:566,15,1,0
BRDA:587,16,0,2
BRDA:587,16,1,0
BRDA:588,17,0,2
BRDA:588,17,1,0
BRF:34
BRH:9
end_of_record
TN:
SF:D:\1web3\Web3-Pledge\pledgev2\contracts\mock\BUSD.sol
FN:111,constructor
FN:113,_msgSender
FN:117,_msgData
FN:146,add
FN:162,sub
FN:175,sub
FN:191,mul
FN:216,div
FN:231,div
FN:251,mod
FN:266,mod
FN:292,constructor
FN:301,owner
FN:308,onlyOwner
FN:320,renounceOwnership
FN:329,transferOwnership
FN:336,_transferOwnership
FN:355,constructor
FN:368,getOwner
FN:375,decimals
FN:382,symbol
FN:389,name
FN:396,totalSupply
FN:403,balanceOf
FN:415,transfer
FN:423,allowance
FN:434,approve
FN:451,transferFrom
FN:469,increaseAllowance
FN:488,decreaseAllowance
FN:501,mint
FN:509,burn
FN:528,_transfer
FN:546,_mint
FN:565,_burn
FN:586,_approve
FN:600,_burnFrom
FNF:37
FNH:14
FNDA:171,constructor
FNDA:280,_msgSender
FNDA:0,_msgData
FNDA:88,add
FNDA:0,sub
FNDA:46,sub
FNDA:0,mul
FNDA:0,div
FNDA:0,div
FNDA:0,mod
FNDA:0,mod
FNDA:171,constructor
FNDA:0,owner
FNDA:26,onlyOwner
FNDA:0,renounceOwnership
FNDA:0,transferOwnership
FNDA:0,_transferOwnership
FNDA:171,constructor
FNDA:0,getOwner
FNDA:0,decimals
FNDA:0,symbol
FNDA:0,name
FNDA:0,totalSupply
FNDA:0,balanceOf
FNDA:26,transfer
FNDA:0,allowance
FNDA:11,approve
FNDA:10,transferFrom
FNDA:0,increaseAllowance
FNDA:0,decreaseAllowance
FNDA:26,mint
FNDA:0,burn
FNDA:36,_transfer
FNDA:26,_mint
FNDA:0,_burn
FNDA:21,_approve
FNDA:0,_burnFrom
DA:114,280
DA:118,0
DA:119,0
DA:147,88
DA:148,88
DA:150,88
DA:163,0
DA:176,46
DA:177,46
DA:179,46
DA:195,0
DA:196,0
DA:199,0
DA:200,0
DA:202,0
DA:217,0
DA:233,0
DA:234,0
DA:237,0
DA:252,0
DA:267,0
DA:268,0
DA:293,171
DA:294,171
DA:295,171
DA:302,0
DA:309,26
DA:310,26
DA:321,0
DA:322,0
DA:330,0
DA:337,0
DA:338,0
DA:339,0
DA:356,171
DA:357,171
DA:358,171
DA:359,171
DA:360,171
DA:362,171
DA:369,0
DA:376,0
DA:383,0
DA:390,0
DA:397,0
DA:404,0
DA:416,26
DA:417,26
DA:424,0
DA:435,11
DA:436,11
DA:452,10
DA:453,10
DA:454,10
DA:470,0
DA:471,0
DA:489,0
DA:490,0
DA:502,26
DA:503,26
DA:510,0
DA:511,0
DA:529,36
DA:530,36
DA:532,36
DA:533,36
DA:534,36
DA:547,26
DA:549,26
DA:550,26
DA:551,26
DA:566,0
DA:568,0
DA:569,0
DA:570,0
DA:587,21
DA:588,21
DA:590,21
DA:591,21
DA:601,0
DA:602,0
LF:81
LH:40
BRDA:148,1,0,88
BRDA:148,1,1,0
BRDA:176,2,0,46
BRDA:176,2,1,0
BRDA:195,3,0,0
BRDA:195,3,1,0
BRDA:200,4,0,0
BRDA:200,4,1,0
BRDA:233,5,0,0
BRDA:233,5,1,0
BRDA:267,6,0,0
BRDA:267,6,1,0
BRDA:309,7,0,26
BRDA:309,7,1,0
BRDA:320,8,0,0
BRDA:320,8,1,0
BRDA:329,9,0,0
BRDA:329,9,1,0
BRDA:337,10,0,0
BRDA:337,10,1,0
BRDA:501,11,0,26
BRDA:501,11,1,0
BRDA:529,12,0,36
BRDA:529,12,1,0
BRDA:530,13,0,36
BRDA:530,13,1,0
BRDA:547,14,0,26
BRDA:547,14,1,0
BRDA:566,15,0,0
BRDA:566,15,1,0
BRDA:587,16,0,21
BRDA:587,16,1,0
BRDA:588,17,0,21
BRDA:588,17,1,0
BRF:34
BRH:9
end_of_record
TN:
SF:D:\1web3\Web3-Pledge\pledgev2\contracts\mock\MockMultiSignature.sol
FN:16,constructor
FN:22,getValidSignature
FNF:2
FNH:2
FNDA:162,constructor
FNDA:90,getValidSignature
DA:17,162
DA:25,90
LF:2
LH:2
BRF:0
BRH:0
end_of_record
TN:
SF:D:\1web3\Web3-Pledge\pledgev2\contracts\mock\MockOracle.sol
FN:13,setPrice
FN:17,getPrice
FN:21,getPrices
FN:30,getUnderlyingPrice
FNF:4
FNH:1
FNDA:55,setPrice
FNDA:0,getPrice
FNDA:0,getPrices
FNDA:0,getUnderlyingPrice
DA:14,55
DA:18,0
DA:22,0
DA:23,0
DA:24,0
DA:25,0
DA:27,0
DA:31,0
LF:8
LH:1
BRDA:13,1,0,55
BRDA:13,1,1,0
BRF:2
BRH:1
end_of_record
TN:
SF:D:\1web3\Web3-Pledge\pledgev2\contracts\mock\MockPledgePool.sol
FN:103,constructor
FN:123,setFee
FN:128,setPoolState
FN:149,setSwapRouterAddress
FN:158,setFeeAddress
FN:166,setMinAmount
FN:173,poolLength
FN:182,createPoolInfo
FN:217,updatePoolBaseInfo
FN:229,getPoolState
FN:240,depositLend
FN:266,refundLend
FN:291,claimLend
FN:317,withdrawLend
FN:352,emergencyLendWithdrawal
FN:375,depositBorrow
FN:401,refundBorrow
FN:426,claimBorrow
FN:454,withdrawBorrow
FN:484,emergencyBorrowWithdrawal
FN:501,checkoutSettle
FN:509,settle
FN:544,checkoutFinish
FN:552,finish
FN:586,checkoutLiquidate
FN:602,liquidate
FN:634,redeemFees
FN:647,_getSwapPath
FN:657,_getAmountIn
FN:667,_sellExactAmount
FN:675,_swap
FN:699,_safeApprove
FN:707,getUnderlyingPriceView
FN:719,setPause
FN:723,notPause
FN:728,timeDeadline
FN:733,timeBefore
FN:738,timeAfter
FN:744,stateMatch
FN:749,stateNotMatchUndone
FN:754,stateFinishLiquidation
FN:759,stateUndone
FNF:42
FNH:0
FNDA:0,constructor
FNDA:0,setFee
FNDA:0,setPoolState
FNDA:0,setSwapRouterAddress
FNDA:0,setFeeAddress
FNDA:0,setMinAmount
FNDA:0,poolLength
FNDA:0,createPoolInfo
FNDA:0,updatePoolBaseInfo
FNDA:0,getPoolState
FNDA:0,depositLend
FNDA:0,refundLend
FNDA:0,claimLend
FNDA:0,withdrawLend
FNDA:0,emergencyLendWithdrawal
FNDA:0,depositBorrow
FNDA:0,refundBorrow
FNDA:0,claimBorrow
FNDA:0,withdrawBorrow
FNDA:0,emergencyBorrowWithdrawal
FNDA:0,checkoutSettle
FNDA:0,settle
FNDA:0,checkoutFinish
FNDA:0,finish
FNDA:0,checkoutLiquidate
FNDA:0,liquidate
FNDA:0,redeemFees
FNDA:0,_getSwapPath
FNDA:0,_getAmountIn
FNDA:0,_sellExactAmount
FNDA:0,_swap
FNDA:0,_safeApprove
FNDA:0,getUnderlyingPriceView
FNDA:0,setPause
FNDA:0,notPause
FNDA:0,timeDeadline
FNDA:0,timeBefore
FNDA:0,timeAfter
FNDA:0,stateMatch
FNDA:0,stateNotMatchUndone
FNDA:0,stateFinishLiquidation
FNDA:0,stateUndone
DA:108,0
DA:109,0
DA:110,0
DA:112,0
DA:113,0
DA:114,0
DA:115,0
DA:116,0
DA:124,0
DA:125,0
DA:129,0
DA:130,0
DA:131,0
DA:132,0
DA:134,0
DA:136,0
DA:138,0
DA:140,0
DA:150,0
DA:151,0
DA:159,0
DA:160,0
DA:167,0
DA:174,0
DA:184,0
DA:185,0
DA:186,0
DA:188,0
DA:204,0
DA:219,0
DA:220,0
DA:221,0
DA:222,0
DA:230,0
DA:231,0
DA:242,0
DA:243,0
DA:245,0
DA:246,0
DA:247,0
DA:249,0
DA:250,0
DA:251,0
DA:252,0
DA:253,0
DA:255,0
DA:256,0
DA:258,0
DA:267,0
DA:268,0
DA:269,0
DA:271,0
DA:272,0
DA:273,0
DA:275,0
DA:277,0
DA:279,0
DA:281,0
DA:282,0
DA:283,0
DA:292,0
DA:293,0
DA:294,0
DA:296,0
DA:297,0
DA:299,0
DA:301,0
DA:303,0
DA:305,0
DA:307,0
DA:308,0
DA:318,0
DA:319,0
DA:320,0
DA:322,0
DA:324,0
DA:326,0
DA:328,0
DA:329,0
DA:331,0
DA:333,0
DA:334,0
DA:337,0
DA:338,0
DA:340,0
DA:342,0
DA:343,0
DA:353,0
DA:354,0
DA:356,0
DA:358,0
DA:359,0
DA:361,0
DA:363,0
DA:364,0
DA:377,0
DA:378,0
DA:380,0
DA:381,0
DA:383,0
DA:384,0
DA:386,0
DA:387,0
DA:388,0
DA:390,0
DA:391,0
DA:393,0
DA:403,0
DA:404,0
DA:405,0
DA:407,0
DA:408,0
DA:409,0
DA:411,0
DA:412,0
DA:414,0
DA:416,0
DA:417,0
DA:418,0
DA:428,0
DA:429,0
DA:430,0
DA:432,0
DA:433,0
DA:435,0
DA:436,0
DA:437,0
DA:439,0
DA:441,0
DA:442,0
DA:444,0
DA:445,0
DA:455,0
DA:456,0
DA:457,0
DA:459,0
DA:461,0
DA:462,0
DA:464,0
DA:465,0
DA:466,0
DA:467,0
DA:468,0
DA:471,0
DA:472,0
DA:473,0
DA:474,0
DA:475,0
DA:485,0
DA:486,0
DA:488,0
DA:489,0
DA:490,0
DA:492,0
DA:493,0
DA:494,0
DA:502,0
DA:510,0
DA:511,0
DA:512,0
DA:513,0
DA:514,0
DA:516,0
DA:518,0
DA:520,0
DA:521,0
DA:523,0
DA:524,0
DA:527,0
DA:528,0
DA:531,0
DA:534,0
DA:535,0
DA:536,0
DA:545,0
DA:553,0
DA:554,0
DA:555,0
DA:556,0
DA:558,0
DA:560,0
DA:561,0
DA:562,0
DA:564,0
DA:565,0
DA:566,0
DA:568,0
DA:569,0
DA:571,0
DA:574,0
DA:575,0
DA:576,0
DA:578,0
DA:587,0
DA:588,0
DA:590,0
DA:592,0
DA:594,0
DA:595,0
DA:603,0
DA:604,0
DA:605,0
DA:606,0
DA:608,0
DA:609,0
DA:611,0
DA:612,0
DA:614,0
DA:615,0
DA:617,0
DA:618,0
DA:620,0
DA:623,0
DA:624,0
DA:625,0
DA:627,0
DA:635,0
DA:636,0
DA:637,0
DA:639,0
DA:648,0
DA:649,0
DA:650,0
DA:651,0
DA:658,0
DA:659,0
DA:660,0
DA:661,0
DA:668,0
DA:669,0
DA:676,0
DA:677,0
DA:679,0
DA:680,0
DA:682,0
DA:683,0
DA:684,0
DA:685,0
DA:686,0
DA:688,0
DA:690,0
DA:692,0
DA:693,0
DA:700,0
DA:701,0
DA:708,0
DA:709,0
DA:710,0
DA:711,0
DA:712,0
DA:713,0
DA:720,0
DA:724,0
DA:725,0
DA:729,0
DA:730,0
DA:734,0
DA:735,0
DA:739,0
DA:740,0
DA:745,0
DA:746,0
DA:750,0
DA:751,0
DA:755,0
DA:756,0
DA:760,0
DA:761,0
LF:268
LH:0
BRDA:108,1,0,0
BRDA:108,1,1,0
BRDA:109,2,0,0
BRDA:109,2,1,0
BRDA:110,3,0,0
BRDA:110,3,1,0
BRDA:123,4,0,0
BRDA:123,4,1,0
BRDA:128,5,0,0
BRDA:128,5,1,0
BRDA:130,6,0,0
BRDA:130,6,1,0
BRDA:130,7,0,0
BRDA:130,7,1,0
BRDA:130,8,0,0
BRDA:130,8,1,0
BRDA:130,9,0,0
BRDA:130,9,1,0
BRDA:130,10,0,0
BRDA:130,10,1,0
BRDA:131,11,0,0
BRDA:131,11,1,0
BRDA:133,12,0,0
BRDA:133,12,1,0
BRDA:135,13,0,0
BRDA:135,13,1,0
BRDA:137,14,0,0
BRDA:137,14,1,0
BRDA:149,15,0,0
BRDA:149,15,1,0
BRDA:150,16,0,0
BRDA:150,16,1,0
BRDA:158,17,0,0
BRDA:158,17,1,0
BRDA:159,18,0,0
BRDA:159,18,1,0
BRDA:166,19,0,0
BRDA:166,19,1,0
BRDA:182,20,0,0
BRDA:182,20,1,0
BRDA:184,21,0,0
BRDA:184,21,1,0
BRDA:185,22,0,0
BRDA:185,22,1,0
BRDA:186,23,0,0
BRDA:186,23,1,0
BRDA:217,24,0,0
BRDA:217,24,1,0
BRDA:217,25,0,0
BRDA:217,25,1,0
BRDA:240,26,0,0
BRDA:240,26,1,0
BRDA:240,27,0,0
BRDA:240,27,1,0
BRDA:240,28,0,0
BRDA:240,28,1,0
BRDA:240,29,0,0
BRDA:240,29,1,0
BRDA:245,30,0,0
BRDA:245,30,1,0
BRDA:247,31,0,0
BRDA:247,31,1,0
BRDA:251,32,0,0
BRDA:251,32,1,0
BRDA:266,33,0,0
BRDA:266,33,1,0
BRDA:266,34,0,0
BRDA:266,34,1,0
BRDA:266,35,0,0
BRDA:266,35,1,0
BRDA:266,36,0,0
BRDA:266,36,1,0
BRDA:271,37,0,0
BRDA:271,37,1,0
BRDA:272,38,0,0
BRDA:272,38,1,0
BRDA:273,39,0,0
BRDA:273,39,1,0
BRDA:291,40,0,0
BRDA:291,40,1,0
BRDA:291,41,0,0
BRDA:291,41,1,0
BRDA:291,42,0,0
BRDA:291,42,1,0
BRDA:291,43,0,0
BRDA:291,43,1,0
BRDA:296,44,0,0
BRDA:296,44,1,0
BRDA:297,45,0,0
BRDA:297,45,1,0
BRDA:317,46,0,0
BRDA:317,46,1,0
BRDA:317,47,0,0
BRDA:317,47,1,0
BRDA:317,48,0,0
BRDA:317,48,1,0
BRDA:320,49,0,0
BRDA:320,49,1,0
BRDA:328,50,0,0
BRDA:328,50,1,0
BRDA:329,51,0,0
BRDA:329,51,1,0
BRDA:337,52,0,0
BRDA:337,52,1,0
BRDA:338,53,0,0
BRDA:338,53,1,0
BRDA:352,54,0,0
BRDA:352,54,1,0
BRDA:352,55,0,0
BRDA:352,55,1,0
BRDA:352,56,0,0
BRDA:352,56,1,0
BRDA:354,57,0,0
BRDA:354,57,1,0
BRDA:358,58,0,0
BRDA:358,58,1,0
BRDA:359,59,0,0
BRDA:359,59,1,0
BRDA:375,60,0,0
BRDA:375,60,1,0
BRDA:375,61,0,0
BRDA:375,61,1,0
BRDA:375,62,0,0
BRDA:375,62,1,0
BRDA:375,63,0,0
BRDA:375,63,1,0
BRDA:375,64,0,0
BRDA:375,64,1,0
BRDA:381,65,0,0
BRDA:381,65,1,0
BRDA:386,66,0,0
BRDA:386,66,1,0
BRDA:401,67,0,0
BRDA:401,67,1,0
BRDA:401,68,0,0
BRDA:401,68,1,0
BRDA:401,69,0,0
BRDA:401,69,1,0
BRDA:401,70,0,0
BRDA:401,70,1,0
BRDA:407,71,0,0
BRDA:407,71,1,0
BRDA:408,72,0,0
BRDA:408,72,1,0
BRDA:409,73,0,0
BRDA:409,73,1,0
BRDA:426,74,0,0
BRDA:426,74,1,0
BRDA:426,75,0,0
BRDA:426,75,1,0
BRDA:426,76,0,0
BRDA:426,76,1,0
BRDA:426,77,0,0
BRDA:426,77,1,0
BRDA:432,78,0,0
BRDA:432,78,1,0
BRDA:433,79,0,0
BRDA:433,79,1,0
BRDA:454,80,0,0
BRDA:454,80,1,0
BRDA:454,81,0,0
BRDA:454,81,1,0
BRDA:454,82,0,0
BRDA:454,82,1,0
BRDA:454,83,0,0
BRDA:454,83,1,0
BRDA:457,84,0,0
BRDA:457,84,1,0
BRDA:464,85,0,0
BRDA:464,85,1,0
BRDA:465,86,0,0
BRDA:465,86,1,0
BRDA:471,87,0,0
BRDA:471,87,1,0
BRDA:472,88,0,0
BRDA:472,88,1,0
BRDA:484,89,0,0
BRDA:484,89,1,0
BRDA:484,90,0,0
BRDA:484,90,1,0
BRDA:484,91,0,0
BRDA:484,91,1,0
BRDA:486,92,0,0
BRDA:486,92,1,0
BRDA:489,93,0,0
BRDA:489,93,1,0
BRDA:490,94,0,0
BRDA:490,94,1,0
BRDA:509,95,0,0
BRDA:509,95,1,0
BRDA:512,96,0,0
BRDA:512,96,1,0
BRDA:513,97,0,0
BRDA:513,97,1,0
BRDA:514,98,0,0
BRDA:514,98,1,0
BRDA:521,99,0,0
BRDA:521,99,1,0
BRDA:552,100,0,0
BRDA:552,100,1,0
BRDA:555,101,0,0
BRDA:555,101,1,0
BRDA:556,102,0,0
BRDA:556,102,1,0
BRDA:564,103,0,0
BRDA:564,103,1,0
BRDA:565,104,0,0
BRDA:565,104,1,0
BRDA:602,105,0,0
BRDA:602,105,1,0
BRDA:605,106,0,0
BRDA:605,106,1,0
BRDA:606,107,0,0
BRDA:606,107,1,0
BRDA:614,108,0,0
BRDA:614,108,1,0
BRDA:636,109,0,0
BRDA:636,109,1,0
BRDA:650,110,0,0
BRDA:650,110,1,0
BRDA:651,111,0,0
BRDA:651,111,1,0
BRDA:668,112,0,0
BRDA:668,112,1,0
BRDA:676,113,0,0
BRDA:676,113,1,0
BRDA:679,114,0,0
BRDA:679,114,1,0
BRDA:685,115,0,0
BRDA:685,115,1,0
BRDA:687,116,0,0
BRDA:687,116,1,0
BRDA:701,117,0,0
BRDA:701,117,1,0
BRDA:701,118,0,0
BRDA:701,118,1,0
BRDA:719,119,0,0
BRDA:719,119,1,0
BRDA:724,120,0,0
BRDA:724,120,1,0
BRDA:729,121,0,0
BRDA:729,121,1,0
BRDA:734,122,0,0
BRDA:734,122,1,0
BRDA:739,123,0,0
BRDA:739,123,1,0
BRDA:745,124,0,0
BRDA:745,124,1,0
BRDA:750,125,0,0
BRDA:750,125,1,0
BRDA:750,126,0,0
BRDA:750,126,1,0
BRDA:750,127,0,0
BRDA:750,127,1,0
BRDA:755,128,0,0
BRDA:755,128,1,0
BRDA:755,129,0,0
BRDA:755,129,1,0
BRDA:760,130,0,0
BRDA:760,130,1,0
BRF:260
BRH:0
end_of_record
TN:
SF:D:\1web3\Web3-Pledge\pledgev2\contracts\mock\MockUniswap\UniswapV2Factory.sol
FN:135,constructor
FN:151,_mint
FN:157,_burn
FN:163,_approve
FN:168,_transfer
FN:174,approve
FN:179,transfer
FN:184,transferFrom
FN:192,permit
FN:227,lock
FN:234,getReserves
FN:240,_safeTransfer
FN:257,constructor
FN:262,initialize
FN:269,_update
FN:285,_mintFee
FN:306,mint
FN:330,burn
FN:355,swap
FN:386,skim
FN:394,sync
FN:410,constructor
FN:415,allPairsLength
FN:419,createPair
FN:437,setFeeTo
FN:442,setFeeToSetter
FN:451,add
FN:455,sub
FN:459,mul
FN:467,min
FN:472,sqrt
FN:495,encode
FN:500,uqdiv
FNF:33
FNH:3
FNDA:0,constructor
FNDA:0,_mint
FNDA:0,_burn
FNDA:0,_approve
FNDA:0,_transfer
FNDA:0,approve
FNDA:0,transfer
FNDA:75,transferFrom
FNDA:0,permit
FNDA:0,lock
FNDA:0,getReserves
FNDA:0,_safeTransfer
FNDA:0,constructor
FNDA:0,initialize
FNDA:0,_update
FNDA:0,_mintFee
FNDA:0,mint
FNDA:0,burn
FNDA:0,swap
FNDA:0,skim
FNDA:0,sync
FNDA:75,constructor
FNDA:0,allPairsLength
FNDA:0,createPair
FNDA:0,setFeeTo
FNDA:0,setFeeToSetter
FNDA:0,add
FNDA:0,sub
FNDA:0,mul
FNDA:0,min
FNDA:0,sqrt
FNDA:0,encode
FNDA:75,uqdiv
DA:136,0
DA:137,0
DA:140,0
DA:152,0
DA:153,0
DA:154,0
DA:158,0
DA:159,0
DA:160,0
DA:164,0
DA:165,0
DA:169,0
DA:170,0
DA:171,0
DA:175,0
DA:176,75
DA:180,0
DA:181,0
DA:185,0
DA:186,0
DA:188,0
DA:189,0
DA:193,0
DA:194,0
DA:201,0
DA:202,0
DA:203,0
DA:228,0
DA:229,0
DA:230,0
DA:231,0
DA:235,0
DA:236,0
DA:237,0
DA:241,0
DA:242,75
DA:258,0
DA:263,0
DA:264,0
DA:265,0
DA:270,0
DA:271,0
DA:272,75
DA:273,0
DA:275,0
DA:276,0
DA:278,0
DA:279,0
DA:280,0
DA:281,0
DA:286,0
DA:287,0
DA:288,0
DA:289,0
DA:290,0
DA:291,0
DA:292,0
DA:293,0
DA:294,0
DA:295,0
DA:296,0
DA:297,0
DA:301,0
DA:307,0
DA:308,0
DA:309,0
DA:310,0
DA:311,0
DA:313,0
DA:314,0
DA:315,0
DA:316,0
DA:317,0
DA:319,0
DA:321,0
DA:322,0
DA:324,0
DA:325,0
DA:326,0
DA:331,0
DA:332,0
DA:333,0
DA:334,0
DA:335,0
DA:336,0
DA:338,0
DA:339,0
DA:340,0
DA:341,0
DA:342,0
DA:343,0
DA:344,0
DA:345,0
DA:346,0
DA:347,0
DA:349,0
DA:350,0
DA:351,0
DA:356,0
DA:357,0
DA:358,0
DA:360,0
DA:361,0
DA:362,0
DA:363,0
DA:364,0
DA:365,0
DA:366,0
DA:367,0
DA:368,0
DA:369,0
DA:370,75
DA:372,0
DA:373,0
DA:374,0
DA:375,0
DA:376,0
DA:377,0
DA:378,0
DA:381,0
DA:382,0
DA:387,0
DA:388,0
DA:389,0
DA:390,0
DA:395,0
DA:411,75
DA:412,75
DA:416,0
DA:420,0
DA:421,0
DA:422,0
DA:423,0
DA:424,0
DA:425,0
DA:426,0
DA:429,0
DA:430,0
DA:431,0
DA:432,0
DA:434,0
DA:438,0
DA:439,0
DA:443,0
DA:444,0
DA:452,0
DA:456,0
DA:460,0
DA:468,0
DA:473,0
DA:474,0
DA:475,0
DA:476,0
DA:477,0
DA:478,0
DA:481,0
DA:496,0
DA:501,0
LF:158
LH:6
BRDA:185,1,0,0
BRDA:185,1,1,0
BRDA:193,2,0,0
BRDA:193,2,1,0
BRDA:202,3,0,0
BRDA:202,3,1,75
BRDA:228,4,0,75
BRDA:228,4,1,0
BRDA:242,5,0,0
BRDA:242,5,1,0
BRDA:242,6,0,0
BRDA:242,6,1,0
BRDA:263,7,0,0
BRDA:263,7,1,0
BRDA:270,8,0,0
BRDA:270,8,1,0
BRDA:273,9,0,0
BRDA:273,9,1,0
BRDA:289,10,0,0
BRDA:289,10,1,0
BRDA:290,11,0,0
BRDA:290,11,1,0
BRDA:293,12,0,0
BRDA:293,12,1,0
BRDA:297,13,0,0
BRDA:297,13,1,0
BRDA:300,14,0,0
BRDA:300,14,1,0
BRDA:306,15,0,0
BRDA:306,15,1,0
BRDA:315,16,0,0
BRDA:315,16,1,0
BRDA:321,17,0,0
BRDA:321,17,1,0
BRDA:325,18,0,0
BRDA:325,18,1,0
BRDA:330,19,0,0
BRDA:330,19,1,0
BRDA:342,20,0,0
BRDA:342,20,1,0
BRDA:350,21,0,0
BRDA:350,21,1,0
BRDA:355,22,0,0
BRDA:355,22,1,0
BRDA:356,23,0,0
BRDA:356,23,1,0
BRDA:356,24,0,0
BRDA:356,24,1,0
BRDA:358,25,0,0
BRDA:358,25,1,0
BRDA:365,26,0,0
BRDA:365,26,1,0
BRDA:366,27,0,0
BRDA:366,27,1,0
BRDA:367,28,0,0
BRDA:367,28,1,0
BRDA:368,29,0,0
BRDA:368,29,1,0
BRDA:372,30,0,0
BRDA:372,30,1,0
BRDA:373,31,0,0
BRDA:373,31,1,0
BRDA:374,32,0,0
BRDA:374,32,1,0
BRDA:374,33,0,0
BRDA:374,33,1,0
BRDA:378,34,0,0
BRDA:378,34,1,0
BRDA:386,35,0,0
BRDA:386,35,1,0
BRDA:394,36,0,0
BRDA:394,36,1,0
BRDA:420,37,0,0
BRDA:420,37,1,0
BRDA:421,38,0,0
BRDA:421,38,1,0
BRDA:422,39,0,0
BRDA:422,39,1,0
BRDA:423,40,0,0
BRDA:423,40,1,0
BRDA:438,41,0,0
BRDA:438,41,1,0
BRDA:443,42,0,0
BRDA:443,42,1,0
BRDA:452,43,0,0
BRDA:452,43,1,0
BRDA:456,44,0,0
BRDA:456,44,1,0
BRDA:460,45,0,0
BRDA:460,45,1,0
BRDA:460,46,0,0
BRDA:460,46,1,0
BRDA:468,47,0,0
BRDA:468,47,1,0
BRDA:473,48,0,0
BRDA:473,48,1,0
BRDA:480,49,0,0
BRDA:480,49,1,0
BRF:98
BRH:2
end_of_record
TN:
SF:D:\1web3\Web3-Pledge\pledgev2\contracts\mock\MockUniswap\UniswapV2Router02.sol
FN:238,ensure
FN:243,constructor
FN:253,_addLiquidity
FN:290,addLiquidity
FN:304,addLiquidityETH
FN:331,removeLiquidity
FN:347,removeLiquidityETH
FN:361,removeLiquidityWithPermit
FN:376,removeLiquidityETHWithPermit
FN:399,removeLiquidityETHSupportingFeeOnTransferTokens
FN:413,removeLiquidityETHWithPermitSupportingFeeOnTransferTokens
FN:432,_swap
FN:450,swapExactTokensForTokens
FN:464,swapTokensForExactTokens
FN:477,swapExactETHForTokens
FN:491,swapTokensForExactETH
FN:508,swapExactTokensForETH
FN:526,swapETHForExactTokens
FN:541,_swapSupportingFeeOnTransferTokens
FN:565,swapExactTokensForTokensSupportingFeeOnTransferTokens
FN:586,swapExactETHForTokensSupportingFeeOnTransferTokens
FN:609,swapExactTokensForETHSupportingFeeOnTransferTokens
FN:623,quote
FN:627,getAmountOut
FN:637,getAmountIn
FN:647,getAmountsOut
FN:657,getAmountsIn
FN:671,add
FN:675,sub
FN:679,mul
FN:688,sortTokens
FN:695,pairFor
FN:707,getReserves
FN:714,quote
FN:721,getAmountOut
FN:731,getAmountIn
FN:740,getAmountsOut
FN:751,getAmountsIn
FN:764,safeApprove
FN:770,safeTransfer
FN:776,safeTransferFrom
FN:783,safeTransferETH
FNF:42
FNH:1
FNDA:0,ensure
FNDA:75,constructor
FNDA:0,_addLiquidity
FNDA:0,addLiquidity
FNDA:0,addLiquidityETH
FNDA:0,removeLiquidity
FNDA:0,removeLiquidityETH
FNDA:0,removeLiquidityWithPermit
FNDA:0,removeLiquidityETHWithPermit
FNDA:0,removeLiquidityETHSupportingFeeOnTransferTokens
FNDA:0,removeLiquidityETHWithPermitSupportingFeeOnTransferTokens
FNDA:0,_swap
FNDA:0,swapExactTokensForTokens
FNDA:0,swapTokensForExactTokens
FNDA:0,swapExactETHForTokens
FNDA:0,swapTokensForExactETH
FNDA:0,swapExactTokensForETH
FNDA:0,swapETHForExactTokens
FNDA:0,_swapSupportingFeeOnTransferTokens
FNDA:0,swapExactTokensForTokensSupportingFeeOnTransferTokens
FNDA:0,swapExactETHForTokensSupportingFeeOnTransferTokens
FNDA:0,swapExactTokensForETHSupportingFeeOnTransferTokens
FNDA:0,quote
FNDA:0,getAmountOut
FNDA:0,getAmountIn
FNDA:0,getAmountsOut
FNDA:0,getAmountsIn
FNDA:0,add
FNDA:0,sub
FNDA:0,mul
FNDA:0,sortTokens
FNDA:0,pairFor
FNDA:0,getReserves
FNDA:0,quote
FNDA:0,getAmountOut
FNDA:0,getAmountIn
FNDA:0,getAmountsOut
FNDA:0,getAmountsIn
FNDA:0,safeApprove
FNDA:0,safeTransfer
FNDA:0,safeTransferFrom
FNDA:0,safeTransferETH
DA:239,0
DA:240,0
DA:244,75
DA:245,75
DA:249,0
DA:262,0
DA:263,0
DA:265,0
DA:266,0
DA:267,0
DA:269,0
DA:270,0
DA:271,0
DA:272,0
DA:274,0
DA:275,0
DA:276,0
DA:277,0
DA:291,0
DA:292,0
DA:293,0
DA:294,0
DA:295,0
DA:305,0
DA:313,0
DA:314,0
DA:315,0
DA:316,0
DA:317,0
DA:319,0
DA:332,0
DA:333,0
DA:334,0
DA:335,0
DA:336,0
DA:337,0
DA:338,0
DA:348,0
DA:357,0
DA:358,0
DA:359,0
DA:371,0
DA:372,0
DA:373,0
DA:374,0
DA:385,0
DA:386,0
DA:387,0
DA:388,0
DA:400,0
DA:409,0
DA:410,0
DA:411,0
DA:422,0
DA:423,0
DA:424,0
DA:425,0
DA:433,0
DA:434,0
DA:435,0
DA:436,0
DA:437,0
DA:438,0
DA:439,0
DA:451,0
DA:452,0
DA:453,0
DA:456,0
DA:465,0
DA:466,0
DA:467,0
DA:470,0
DA:480,0
DA:481,0
DA:482,0
DA:483,0
DA:484,0
DA:485,0
DA:494,0
DA:495,0
DA:496,0
DA:497,0
DA:500,0
DA:501,0
DA:502,0
DA:511,0
DA:512,0
DA:513,0
DA:514,0
DA:517,0
DA:518,0
DA:519,0
DA:529,0
DA:530,0
DA:531,0
DA:532,0
DA:533,0
DA:534,0
DA:536,0
DA:542,0
DA:543,0
DA:544,0
DA:545,0
DA:546,0
DA:547,0
DA:548,0
DA:549,0
DA:550,0
DA:551,0
DA:552,0
DA:554,0
DA:555,0
DA:556,0
DA:566,0
DA:569,0
DA:570,0
DA:571,0
DA:588,0
DA:589,0
DA:590,0
DA:591,0
DA:592,0
DA:593,0
DA:594,0
DA:611,0
DA:612,0
DA:615,0
DA:616,0
DA:617,0
DA:618,0
DA:619,0
DA:624,0
DA:634,0
DA:644,0
DA:654,0
DA:664,0
DA:672,0
DA:676,0
DA:680,0
DA:689,0
DA:690,0
DA:691,0
DA:696,0
DA:697,0
DA:708,0
DA:709,0
DA:710,0
DA:715,0
DA:716,0
DA:717,0
DA:722,0
DA:723,0
DA:724,0
DA:725,0
DA:726,0
DA:727,0
DA:732,0
DA:733,0
DA:734,0
DA:735,0
DA:736,0
DA:741,0
DA:742,0
DA:743,0
DA:744,0
DA:745,0
DA:746,0
DA:752,0
DA:753,0
DA:754,0
DA:755,0
DA:756,0
DA:757,0
DA:766,0
DA:767,0
DA:772,0
DA:773,0
DA:778,0
DA:779,0
DA:784,0
DA:785,0
LF:181
LH:2
BRDA:239,1,0,0
BRDA:239,1,1,0
BRDA:262,2,0,0
BRDA:262,2,1,0
BRDA:266,3,0,0
BRDA:266,3,1,0
BRDA:270,4,0,0
BRDA:270,4,1,0
BRDA:271,5,0,0
BRDA:271,5,1,0
BRDA:276,6,0,0
BRDA:276,6,1,0
BRDA:290,7,0,0
BRDA:290,7,1,0
BRDA:304,8,0,0
BRDA:304,8,1,0
BRDA:319,9,0,0
BRDA:319,9,1,0
BRDA:331,10,0,0
BRDA:331,10,1,0
BRDA:336,11,0,0
BRDA:336,11,1,0
BRDA:337,12,0,0
BRDA:337,12,1,0
BRDA:338,13,0,0
BRDA:338,13,1,0
BRDA:347,14,0,0
BRDA:347,14,1,0
BRDA:372,15,0,0
BRDA:372,15,1,0
BRDA:386,16,0,0
BRDA:386,16,1,0
BRDA:399,17,0,0
BRDA:399,17,1,0
BRDA:423,18,0,0
BRDA:423,18,1,0
BRDA:437,19,0,0
BRDA:437,19,1,0
BRDA:438,20,0,0
BRDA:438,20,1,0
BRDA:450,21,0,0
BRDA:450,21,1,0
BRDA:452,22,0,0
BRDA:452,22,1,0
BRDA:464,23,0,0
BRDA:464,23,1,0
BRDA:466,24,0,0
BRDA:466,24,1,0
BRDA:477,25,0,0
BRDA:477,25,1,0
BRDA:480,26,0,0
BRDA:480,26,1,0
BRDA:482,27,0,0
BRDA:482,27,1,0
BRDA:491,28,0,0
BRDA:491,28,1,0
BRDA:494,29,0,0
BRDA:494,29,1,0
BRDA:496,30,0,0
BRDA:496,30,1,0
BRDA:508,31,0,0
BRDA:508,31,1,0
BRDA:511,32,0,0
BRDA:511,32,1,0
BRDA:513,33,0,0
BRDA:513,33,1,0
BRDA:526,34,0,0
BRDA:526,34,1,0
BRDA:529,35,0,0
BRDA:529,35,1,0
BRDA:531,36,0,0
BRDA:531,36,1,0
BRDA:536,37,0,0
BRDA:536,37,1,0
BRDA:550,38,0,0
BRDA:550,38,1,0
BRDA:554,39,0,0
BRDA:554,39,1,0
BRDA:555,40,0,0
BRDA:555,40,1,0
BRDA:565,41,0,0
BRDA:565,41,1,0
BRDA:571,42,0,0
BRDA:571,42,1,0
BRDA:586,43,0,0
BRDA:586,43,1,0
BRDA:588,44,0,0
BRDA:588,44,1,0
BRDA:594,45,0,0
BRDA:594,45,1,0
BRDA:609,46,0,0
BRDA:609,46,1,0
BRDA:611,47,0,0
BRDA:611,47,1,0
BRDA:617,48,0,0
BRDA:617,48,1,0
BRDA:672,49,0,0
BRDA:672,49,1,0
BRDA:676,50,0,0
BRDA:676,50,1,0
BRDA:680,51,0,0
BRDA:680,51,1,0
BRDA:680,52,0,0
BRDA:680,52,1,0
BRDA:689,53,0,0
BRDA:689,53,1,0
BRDA:690,54,0,0
BRDA:690,54,1,0
BRDA:691,55,0,0
BRDA:691,55,1,0
BRDA:710,56,0,0
BRDA:710,56,1,0
BRDA:715,57,0,0
BRDA:715,57,1,0
BRDA:716,58,0,0
BRDA:716,58,1,0
BRDA:722,59,0,0
BRDA:722,59,1,0
BRDA:723,60,0,0
BRDA:723,60,1,0
BRDA:732,61,0,0
BRDA:732,61,1,0
BRDA:733,62,0,0
BRDA:733,62,1,0
BRDA:741,63,0,0
BRDA:741,63,1,0
BRDA:752,64,0,0
BRDA:752,64,1,0
BRDA:767,65,0,0
BRDA:767,65,1,0
BRDA:767,66,0,0
BRDA:767,66,1,0
BRDA:773,67,0,0
BRDA:773,67,1,0
BRDA:773,68,0,0
BRDA:773,68,1,0
BRDA:779,69,0,0
BRDA:779,69,1,0
BRDA:779,70,0,0
BRDA:779,70,1,0
BRDA:785,71,0,0
BRDA:785,71,1,0
BRF:142
BRH:0
end_of_record
TN:
SF:D:\1web3\Web3-Pledge\pledgev2\contracts\mock\WETH9.sol
FN:17,
FN:20,deposit
FN:24,withdraw
FN:31,totalSupply
FN:35,approve
FN:41,transfer
FN:45,transferFrom
FNF:7
FNH:0
FNDA:0,
FNDA:0,deposit
FNDA:0,withdraw
FNDA:0,totalSupply
FNDA:0,approve
FNDA:0,transfer
FNDA:0,transferFrom
DA:18,0
DA:21,0
DA:22,0
DA:25,0
DA:26,0
DA:27,0
DA:28,0
DA:32,0
DA:36,0
DA:37,0
DA:38,0
DA:42,0
DA:49,0
DA:51,0
DA:52,0
DA:53,0
DA:56,0
DA:57,0
DA:59,0
DA:61,0
LF:20
LH:0
BRDA:25,1,0,0
BRDA:25,1,1,0
BRDA:49,2,0,0
BRDA:49,2,1,0
BRDA:51,3,0,0
BRDA:51,3,1,0
BRDA:52,4,0,0
BRDA:52,4,1,0
BRF:8
BRH:0
end_of_record
TN:
SF:D:\1web3\Web3-Pledge\pledgev2\contracts\multiSignature\multiSignature.sol
FN:11,addWhiteListAddress
FN:17,removeWhiteListAddress
FN:36,isEligibleAddress
FN:80,constructor
FN:91,transferOwner
FN:102,createApplication
FN:114,signApplication
FN:123,revokeSignApplication
FN:134,getValidSignature
FN:150,getApplicationInfo
FN:160,getApplicationCount
FN:170,getApplicationHash
FN:175,onlyOwner
FN:181,validIndex
FNF:14
FNH:0
FNDA:0,addWhiteListAddress
FNDA:0,removeWhiteListAddress
FNDA:0,isEligibleAddress
FNDA:0,constructor
FNDA:0,transferOwner
FNDA:0,createApplication
FNDA:0,signApplication
FNDA:0,revokeSignApplication
FNDA:0,getValidSignature
FNDA:0,getApplicationInfo
FNDA:0,getApplicationCount
FNDA:0,getApplicationHash
FNDA:0,onlyOwner
FNDA:0,validIndex
DA:12,0
DA:13,0
DA:18,0
DA:19,0
DA:20,0
DA:21,0
DA:22,0
DA:24,0
DA:25,0
DA:28,0
DA:30,0
DA:31,0
DA:33,0
DA:37,0
DA:38,0
DA:39,0
DA:40,0
DA:42,0
DA:81,0
DA:82,0
DA:83,0
DA:92,0
DA:93,0
DA:94,0
DA:103,0
DA:104,0
DA:105,0
DA:106,0
DA:107,0
DA:115,0
DA:116,0
DA:124,0
DA:125,0
DA:135,0
DA:136,0
DA:137,0
DA:138,0
DA:141,0
DA:151,0
DA:152,0
DA:161,0
DA:171,0
DA:176,0
DA:177,0
DA:182,0
DA:183,0
LF:46
LH:0
BRDA:12,1,0,0
BRDA:12,1,1,0
BRDA:21,2,0,0
BRDA:21,2,1,0
BRDA:24,3,0,0
BRDA:24,3,1,0
BRDA:25,4,0,0
BRDA:25,4,1,0
BRDA:39,5,0,0
BRDA:39,5,1,0
BRDA:81,6,0,0
BRDA:81,6,1,0
BRDA:91,7,0,0
BRDA:91,7,1,0
BRDA:91,8,0,0
BRDA:91,8,1,0
BRDA:92,9,0,0
BRDA:92,9,1,0
BRDA:114,10,0,0
BRDA:114,10,1,0
BRDA:114,11,0,0
BRDA:114,11,1,0
BRDA:123,12,0,0
BRDA:123,12,1,0
BRDA:123,13,0,0
BRDA:123,13,1,0
BRDA:137,14,0,0
BRDA:137,14,1,0
BRDA:150,15,0,0
BRDA:150,15,1,0
BRDA:176,16,0,0
BRDA:176,16,1,0
BRDA:182,17,0,0
BRDA:182,17,1,0
BRF:34
BRH:0
end_of_record
TN:
SF:D:\1web3\Web3-Pledge\pledgev2\contracts\multiSignature\multiSignatureClient.sol
FN:19,constructor
FN:27,getMultiSignatureAddress
FN:35,validCall
FN:42,checkMultiSignature
FN:61,saveValue
FN:70,getValue
FNF:6
FNH:6
FNDA:312,constructor
FNDA:92,getMultiSignatureAddress
FNDA:90,validCall
FNDA:90,checkMultiSignature
FNDA:312,saveValue
FNDA:92,getValue
DA:21,312
DA:23,312
DA:28,92
DA:37,90
DA:38,90
DA:43,90
DA:44,90
DA:49,90
DA:51,90
DA:54,90
DA:56,90
DA:63,312
DA:71,92
LF:13
LH:13
BRDA:21,1,0,312
BRDA:21,1,1,0
BRDA:56,2,0,90
BRDA:56,2,1,0
BRF:4
BRH:2
end_of_record
TN:
SF:D:\1web3\Web3-Pledge\pledgev2\contracts\pledge\AddressPrivileges.sol
FN:17,constructor
FN:30,addMinter
FN:41,delMinter
FN:51,getMinterLength
FN:61,isMinter
FN:71,getMinter
FN:79,onlyMinter
FNF:7
FNH:7
FNDA:189,constructor
FNDA:19,addMinter
FNDA:7,delMinter
FNDA:12,getMinterLength
FNDA:27,isMinter
FNDA:7,getMinter
FNDA:22,onlyMinter
DA:31,19
DA:32,19
DA:42,7
DA:43,7
DA:52,12
DA:62,27
DA:72,7
DA:73,6
DA:80,22
DA:81,19
LF:10
LH:10
BRDA:30,1,0,19
BRDA:30,1,1,0
BRDA:31,2,0,19
BRDA:31,2,1,0
BRDA:41,3,0,7
BRDA:41,3,1,0
BRDA:42,4,0,7
BRDA:42,4,1,0
BRDA:72,5,0,6
BRDA:72,5,1,1
BRDA:80,6,0,19
BRDA:80,6,1,3
BRF:12
BRH:8
end_of_record
TN:
SF:D:\1web3\Web3-Pledge\pledgev2\contracts\pledge\BscPledgeOracle.sol
FN:28,constructor
FN:50,setDecimals
FN:60,setPrices
FN:75,getPrices
FN:90,getPrice
FN:100,getUnderlyingPrice
FN:123,setPrice
FN:133,setUnderlyingPrice
FN:145,setAssetsAggregator
FN:157,setUnderlyingAggregator
FN:170,getAssetsAggregator
FN:181,getUnderlyingAggregator
FNF:12
FNH:10
FNDA:48,constructor
FNDA:4,setDecimals
FNDA:2,setPrices
FNDA:2,getPrices
FNDA:16,getPrice
FNDA:20,getUnderlyingPrice
FNDA:14,setPrice
FNDA:1,setUnderlyingPrice
FNDA:10,setAssetsAggregator
FNDA:0,setUnderlyingAggregator
FNDA:10,getAssetsAggregator
FNDA:0,getUnderlyingAggregator
DA:51,4
DA:61,2
DA:62,2
DA:63,2
DA:64,2
DA:76,2
DA:77,2
DA:78,2
DA:79,4
DA:81,2
DA:91,16
DA:101,20
DA:102,20
DA:103,0
DA:104,0
DA:105,0
DA:106,0
DA:108,0
DA:110,0
DA:113,20
DA:124,14
DA:134,1
DA:135,1
DA:146,10
DA:147,10
DA:158,0
DA:159,0
DA:160,0
DA:171,10
DA:182,0
LF:30
LH:20
BRDA:50,1,0,4
BRDA:50,1,1,0
BRDA:60,2,0,2
BRDA:60,2,1,0
BRDA:61,3,0,2
BRDA:61,3,1,0
BRDA:102,4,0,0
BRDA:102,4,1,20
BRDA:105,5,0,0
BRDA:105,5,1,0
BRDA:107,6,0,0
BRDA:107,6,1,0
BRDA:123,7,0,14
BRDA:123,7,1,0
BRDA:133,8,0,1
BRDA:133,8,1,0
BRDA:134,9,0,1
BRDA:134,9,1,0
BRDA:145,10,0,10
BRDA:145,10,1,0
BRDA:157,11,0,0
BRDA:157,11,1,0
BRDA:158,12,0,0
BRDA:158,12,1,0
BRF:24
BRH:8
end_of_record
TN:
SF:D:\1web3\Web3-Pledge\pledgev2\contracts\pledge\DebtToken.sol
FN:11,constructor
FN:21,mint
FN:33,burn
FNF:3
FNH:2
FNDA:189,constructor
FNDA:19,mint
FNDA:0,burn
DA:22,19
DA:23,18
DA:34,0
DA:35,0
LF:4
LH:2
BRDA:21,1,0,19
BRDA:21,1,1,3
BRDA:33,2,0,0
BRDA:33,2,1,0
BRF:4
BRH:2
end_of_record
TN:
SF:D:\1web3\Web3-Pledge\pledgev2\contracts\pledge\PledgePool.sol
FN:157,constructor
FN:173,setFee
FN:183,setSwapRouterAddress
FN:193,setFeeAddress
FN:202,setMinAmount
FN:211,poolLength
FN:221,createPoolInfo
FN:260,getPoolState
FN:271,depositLend
FN:297,refundLend
FN:326,claimLend
FN:352,withdrawLend
FN:387,emergencyLendWithdrawal
FN:409,depositBorrow
FN:435,refundBorrow
FN:460,claimBorrow
FN:487,withdrawBorrow
FN:520,emergencyBorrowWithdrawal
FN:543,checkoutSettle
FN:552,settle
FN:611,checkoutFinish
FN:620,finish
FN:687,checkoutLiquidate
FN:706,liquidate
FN:746,redeemFees
FN:763,_getSwapPath
FN:773,_getAmountIn
FN:784,_sellExactAmount
FN:797,_swap
FN:833,_safeApprove
FN:843,getUnderlyingPriceView
FN:860,setPause
FN:864,notPause
FN:870,timeBefore
FN:875,timeAfter
FN:881,stateMatch
FN:886,stateNotMatchUndone
FN:891,stateFinishLiquidation
FN:896,stateUndone
FNF:39
FNH:15
FNDA:75,constructor
FNDA:4,setFee
FNDA:3,setSwapRouterAddress
FNDA:3,setFeeAddress
FNDA:3,setMinAmount
FNDA:1,poolLength
FNDA:17,createPoolInfo
FNDA:4,getPoolState
FNDA:10,depositLend
FNDA:0,refundLend
FNDA:0,claimLend
FNDA:0,withdrawLend
FNDA:0,emergencyLendWithdrawal
FNDA:0,depositBorrow
FNDA:0,refundBorrow
FNDA:0,claimBorrow
FNDA:0,withdrawBorrow
FNDA:0,emergencyBorrowWithdrawal
FNDA:0,checkoutSettle
FNDA:1,settle
FNDA:0,checkoutFinish
FNDA:0,finish
FNDA:0,checkoutLiquidate
FNDA:0,liquidate
FNDA:0,redeemFees
FNDA:0,_getSwapPath
FNDA:0,_getAmountIn
FNDA:0,_sellExactAmount
FNDA:0,_swap
FNDA:0,_safeApprove
FNDA:1,getUnderlyingPriceView
FNDA:2,setPause
FNDA:13,notPause
FNDA:12,timeBefore
FNDA:0,timeAfter
FNDA:10,stateMatch
FNDA:0,stateNotMatchUndone
FNDA:0,stateFinishLiquidation
FNDA:0,stateUndone
DA:158,75
DA:159,75
DA:160,75
DA:162,75
DA:163,75
DA:164,75
DA:165,75
DA:166,75
DA:174,4
DA:175,4
DA:176,4
DA:184,3
DA:185,2
DA:186,2
DA:194,3
DA:195,2
DA:196,2
DA:203,3
DA:204,3
DA:212,1
DA:224,17
DA:226,17
DA:228,17
DA:231,17
DA:247,17
DA:261,4
DA:262,4
DA:273,10
DA:274,10
DA:276,10
DA:277,10
DA:278,10
DA:280,9
DA:281,9
DA:282,9
DA:283,0
DA:284,0
DA:286,9
DA:287,9
DA:289,9
DA:298,0
DA:299,0
DA:300,0
DA:302,0
DA:303,0
DA:304,0
DA:308,0
DA:312,0
DA:314,0
DA:316,0
DA:317,0
DA:318,0
DA:327,0
DA:328,0
DA:329,0
DA:331,0
DA:332,0
DA:334,0
DA:336,0
DA:338,0
DA:340,0
DA:342,0
DA:343,0
DA:353,0
DA:354,0
DA:355,0
DA:357,0
DA:359,0
DA:361,0
DA:363,0
DA:364,0
DA:366,0
DA:368,0
DA:369,0
DA:372,0
DA:373,0
DA:375,0
DA:377,0
DA:378,0
DA:388,0
DA:389,0
DA:391,0
DA:393,0
DA:394,0
DA:396,0
DA:398,0
DA:399,0
DA:411,0
DA:412,0
DA:414,0
DA:415,0
DA:417,0
DA:418,0
DA:420,0
DA:421,0
DA:422,0
DA:424,0
DA:425,0
DA:427,0
DA:437,0
DA:438,0
DA:439,0
DA:441,0
DA:442,0
DA:443,0
DA:445,0
DA:446,0
DA:448,0
DA:450,0
DA:451,0
DA:452,0
DA:462,0
DA:463,0
DA:464,0
DA:466,0
DA:467,0
DA:469,0
DA:470,0
DA:471,0
DA:473,0
DA:475,0
DA:476,0
DA:478,0
DA:479,0
DA:489,0
DA:490,0
DA:492,0
DA:494,0
DA:496,0
DA:497,0
DA:499,0
DA:501,0
DA:502,0
DA:503,0
DA:504,0
DA:507,0
DA:509,0
DA:510,0
DA:511,0
DA:512,0
DA:522,0
DA:524,0
DA:526,0
DA:528,0
DA:530,0
DA:532,0
DA:534,0
DA:536,0
DA:545,0
DA:554,1
DA:556,1
DA:558,1
DA:560,1
DA:561,1
DA:563,0
DA:571,0
DA:576,0
DA:577,0
DA:579,0
DA:580,0
DA:583,0
DA:585,0
DA:594,0
DA:596,0
DA:599,1
DA:600,1
DA:601,1
DA:603,1
DA:613,0
DA:622,0
DA:623,0
DA:626,0
DA:628,0
DA:631,0
DA:634,0
DA:642,0
DA:645,0
DA:648,0
DA:651,0
DA:657,0
DA:660,0
DA:661,0
DA:663,0
DA:664,0
DA:666,0
DA:670,0
DA:672,0
DA:673,0
DA:676,0
DA:679,0
DA:688,0
DA:689,0
DA:691,0
DA:693,0
DA:698,0
DA:699,0
DA:707,0
DA:708,0
DA:709,0
DA:710,0
DA:712,0
DA:714,0
DA:716,0
DA:718,0
DA:721,0
DA:722,0
DA:724,0
DA:725,0
DA:727,0
DA:728,0
DA:730,0
DA:733,0
DA:734,0
DA:735,0
DA:737,0
DA:739,0
DA:748,0
DA:750,0
DA:752,0
DA:755,0
DA:764,0
DA:765,0
DA:766,0
DA:767,0
DA:774,0
DA:775,0
DA:777,0
DA:778,0
DA:785,0
DA:786,0
DA:799,0
DA:800,0
DA:803,0
DA:804,0
DA:807,0
DA:809,0
DA:810,0
DA:812,0
DA:813,0
DA:816,0
DA:819,0
DA:822,0
DA:824,0
DA:835,0
DA:837,0
DA:845,1
DA:847,0
DA:849,0
DA:850,0
DA:852,0
DA:854,0
DA:861,2
DA:865,13
DA:866,12
DA:871,12
DA:872,10
DA:876,0
DA:877,0
DA:882,10
DA:883,10
DA:887,0
DA:888,0
DA:892,0
DA:893,0
DA:897,0
DA:898,0
LF:266
LH:55
BRDA:158,1,0,75
BRDA:158,1,1,0
BRDA:159,2,0,75
BRDA:159,2,1,0
BRDA:160,3,0,75
BRDA:160,3,1,0
BRDA:173,4,0,4
BRDA:173,4,1,0
BRDA:183,5,0,3
BRDA:183,5,1,0
BRDA:184,6,0,2
BRDA:184,6,1,1
BRDA:193,7,0,3
BRDA:193,7,1,0
BRDA:194,8,0,2
BRDA:194,8,1,1
BRDA:202,9,0,3
BRDA:202,9,1,0
BRDA:221,10,0,17
BRDA:221,10,1,0
BRDA:224,11,0,17
BRDA:224,11,1,0
BRDA:226,12,0,17
BRDA:226,12,1,0
BRDA:228,13,0,17
BRDA:228,13,1,0
BRDA:271,14,0,13
BRDA:271,14,1,0
BRDA:271,15,0,12
BRDA:271,15,1,1
BRDA:271,16,0,10
BRDA:271,16,1,2
BRDA:271,17,0,10
BRDA:271,17,1,0
BRDA:276,18,0,10
BRDA:276,18,1,0
BRDA:278,19,0,9
BRDA:278,19,1,1
BRDA:282,20,0,0
BRDA:282,20,1,9
BRDA:297,21,0,0
BRDA:297,21,1,0
BRDA:297,22,0,0
BRDA:297,22,1,0
BRDA:297,23,0,0
BRDA:297,23,1,0
BRDA:297,24,0,0
BRDA:297,24,1,0
BRDA:302,25,0,0
BRDA:302,25,1,0
BRDA:303,26,0,0
BRDA:303,26,1,0
BRDA:304,27,0,0
BRDA:304,27,1,0
BRDA:326,28,0,0
BRDA:326,28,1,0
BRDA:326,29,0,0
BRDA:326,29,1,0
BRDA:326,30,0,0
BRDA:326,30,1,0
BRDA:326,31,0,0
BRDA:326,31,1,0
BRDA:331,32,0,0
BRDA:331,32,1,0
BRDA:332,33,0,0
BRDA:332,33,1,0
BRDA:352,34,0,0
BRDA:352,34,1,0
BRDA:352,35,0,0
BRDA:352,35,1,0
BRDA:352,36,0,0
BRDA:352,36,1,0
BRDA:355,37,0,0
BRDA:355,37,1,0
BRDA:363,38,0,0
BRDA:363,38,1,0
BRDA:364,39,0,0
BRDA:364,39,1,0
BRDA:372,40,0,0
BRDA:372,40,1,0
BRDA:373,41,0,0
BRDA:373,41,1,0
BRDA:387,42,0,0
BRDA:387,42,1,0
BRDA:387,43,0,0
BRDA:387,43,1,0
BRDA:387,44,0,0
BRDA:387,44,1,0
BRDA:389,45,0,0
BRDA:389,45,1,0
BRDA:393,46,0,0
BRDA:393,46,1,0
BRDA:394,47,0,0
BRDA:394,47,1,0
BRDA:409,48,0,0
BRDA:409,48,1,0
BRDA:409,49,0,0
BRDA:409,49,1,0
BRDA:409,50,0,0
BRDA:409,50,1,0
BRDA:409,51,0,0
BRDA:409,51,1,0
BRDA:415,52,0,0
BRDA:415,52,1,0
BRDA:420,53,0,0
BRDA:420,53,1,0
BRDA:435,54,0,0
BRDA:435,54,1,0
BRDA:435,55,0,0
BRDA:435,55,1,0
BRDA:435,56,0,0
BRDA:435,56,1,0
BRDA:435,57,0,0
BRDA:435,57,1,0
BRDA:441,58,0,0
BRDA:441,58,1,0
BRDA:442,59,0,0
BRDA:442,59,1,0
BRDA:443,60,0,0
BRDA:443,60,1,0
BRDA:460,61,0,0
BRDA:460,61,1,0
BRDA:460,62,0,0
BRDA:460,62,1,0
BRDA:460,63,0,0
BRDA:460,63,1,0
BRDA:460,64,0,0
BRDA:460,64,1,0
BRDA:466,65,0,0
BRDA:466,65,1,0
BRDA:467,66,0,0
BRDA:467,66,1,0
BRDA:487,67,0,0
BRDA:487,67,1,0
BRDA:487,68,0,0
BRDA:487,68,1,0
BRDA:487,69,0,0
BRDA:487,69,1,0
BRDA:492,70,0,0
BRDA:492,70,1,0
BRDA:499,71,0,0
BRDA:499,71,1,0
BRDA:501,72,0,0
BRDA:501,72,1,0
BRDA:507,73,0,0
BRDA:507,73,1,0
BRDA:509,74,0,0
BRDA:509,74,1,0
BRDA:520,75,0,0
BRDA:520,75,1,0
BRDA:520,76,0,0
BRDA:520,76,1,0
BRDA:520,77,0,0
BRDA:520,77,1,0
BRDA:524,78,0,0
BRDA:524,78,1,0
BRDA:528,79,0,0
BRDA:528,79,1,0
BRDA:530,80,0,0
BRDA:530,80,1,0
BRDA:552,81,0,1
BRDA:552,81,1,0
BRDA:558,82,0,1
BRDA:558,82,1,0
BRDA:560,83,0,1
BRDA:560,83,1,0
BRDA:561,84,0,0
BRDA:561,84,1,1
BRDA:577,85,0,0
BRDA:577,85,1,0
BRDA:620,86,0,0
BRDA:620,86,1,0
BRDA:626,87,0,0
BRDA:626,87,1,0
BRDA:628,88,0,0
BRDA:628,88,1,0
BRDA:657,89,0,0
BRDA:657,89,1,0
BRDA:660,90,0,0
BRDA:660,90,1,0
BRDA:706,91,0,0
BRDA:706,91,1,0
BRDA:709,92,0,0
BRDA:709,92,1,0
BRDA:710,93,0,0
BRDA:710,93,1,0
BRDA:724,94,0,0
BRDA:724,94,1,0
BRDA:750,95,0,0
BRDA:750,95,1,0
BRDA:766,96,0,0
BRDA:766,96,1,0
BRDA:767,97,0,0
BRDA:767,97,1,0
BRDA:785,98,0,0
BRDA:785,98,1,0
BRDA:799,99,0,0
BRDA:799,99,1,0
BRDA:803,100,0,0
BRDA:803,100,1,0
BRDA:812,101,0,0
BRDA:812,101,1,0
BRDA:815,102,0,0
BRDA:815,102,1,0
BRDA:837,103,0,0
BRDA:837,103,1,0
BRDA:837,104,0,0
BRDA:837,104,1,0
BRDA:860,105,0,2
BRDA:860,105,1,0
BRDA:865,106,0,12
BRDA:865,106,1,1
BRDA:871,107,0,10
BRDA:871,107,1,2
BRDA:876,108,0,0
BRDA:876,108,1,0
BRDA:882,109,0,10
BRDA:882,109,1,0
BRDA:887,110,0,0
BRDA:887,110,1,0
BRDA:887,111,0,0
BRDA:887,111,1,0
BRDA:887,112,0,0
BRDA:887,112,1,0
BRDA:892,113,0,0
BRDA:892,113,1,0
BRDA:892,114,0,0
BRDA:892,114,1,0
BRDA:897,115,0,0
BRDA:897,115,1,0
BRF:230
BRH:35
end_of_record
